<html xmlns:math="http://exslt.org/math" xmlns:testng="http://testng.org">
   <head>
      <title> Test Report</title>
      <meta http-equiv="content-type" content="text/html; charset=utf-8"></meta>
      <meta http-equiv="pragma" content="no-cache"></meta>
      <meta http-equiv="cache-control" content="max-age=0"></meta>
      <meta http-equiv="cache-control" content="no-cache"></meta>
      <meta http-equiv="cache-control" content="no-store"></meta>
      <LINK rel="stylesheet" href="style.css"></LINK>
      <script type="text/javascript" src="jquery-1.3.2.min.js"></script>
      <script type="text/javascript" src="main.js"></script>
   </head>
   <body>
      <table width="100%" style="font-size: 16px; margin-bottom: 10px;" cellspacing="1">
         <tr>
            <td width="100%">
               All methods in suite
               
               <b>Suite</b>
            </td>
            <td style="background-color: #CB5959; padding: 3px 3px 3px 0;" align="center">
               <div style="width: 50px;">3</div>
            </td>
            <td style="background-color: #70A772; padding: 3px 3px 3px 0;" align="center">
               <div style="width: 50px;">13</div>
            </td>
            <td style="background-color: #F5D76C; padding: 3px 3px 3px 0;" align="center">
               <div style="width: 50px;">0</div>
            </td>
            <td align="center" style="background-color: #eaf0f7; padding: 3px 3px 3px 0;">
               <div style="width: 50px;">16</div>
            </td>
            <td align="center"
                style="font-weight: bold; background-color: #eaf0f7; padding: 3px 3px 3px 0;">
               <div style="width: 50px;">81%</div>
            </td>
         </tr>
      </table>
      <div style="width: 200px;">
         <label for="groupMethodsCheckBox" style="font-weight: bold; margin: 0;">
            <input id="groupMethodsCheckBox" type="checkbox" onclick="switchTestMethodsView(this)"></input>
            Group by class
            
         </label>
         <br></br>
         <label for="methodsFilter_ALL" style="font-weight: bold; margin: 0;">
            <input id="methodsFilter_ALL" type="checkbox"
                   onclick="testMethodsFilterChanged(this, 'ALL')"></input>
            All
            
         </label>
      </div>
      <label for="methodsFilter_FAIL" style="margin-left: 20px;">
         <input id="methodsFilter_FAIL" type="checkbox"
                onclick="testMethodsFilterChanged(this, 'FAIL')"
                checked=""></input>
         Failed
         
      </label>
      <label for="methodsFilter_PASS">
         <input id="methodsFilter_PASS" type="checkbox"
                onclick="testMethodsFilterChanged(this, 'PASS')"
                checked=""></input>
         Passed
         
      </label>
      <label for="methodsFilter_SKIP">
         <input id="methodsFilter_SKIP" type="checkbox"
                onclick="testMethodsFilterChanged(this, 'SKIP')"
                checked=""></input>
         Skipped
         
      </label>
      <label for="methodsFilter_CONF">
         <input id="methodsFilter_CONF" type="checkbox"
                onclick="testMethodsFilterChanged(this, 'CONF')"></input>
         Config
         
      </label>
      <br></br>
      <div id="testMethodsByStatus">
         <table class="testMethodsTable" cellpadding="0" cellspacing="0">
            <tr class="methodsTableHeader">
               <td width="100%">Name</td>
               <td nowrap="true">Started</td>
               <td nowrap="true">Duration</td>
               <td>Exception</td>
            </tr>
            <tr id="com.test.TestAppointment_testAppointmentPut_byStatus_failed_FAIL1_row"
                class="testMethodStatusFAIL">
               <td width="100%" class="firstMethodCell">
                  <a onclick="toggleDetailsVisibility('com.test.TestAppointment_testAppointmentPut_byStatus_failed_FAIL1_details')">testAppointmentPut</a>
               </td>
               <td nowrap="true">12:01:28</td>
               <td nowrap="true" align="right">71 ms
                  
               </td>
               <td nowrap="true">
                  <a onclick="toggleDetailsVisibility('com.test.TestAppointment_testAppointmentPut_byStatus_failed_FAIL1_exception')">java.lang.AssertionError: 
                     Updating Appointments details failed.... expected [8009] but found [Rest Appt Updated]
                     
                  </a>
                   
                  
               </td>
            </tr>
            <tr>
               <td colspan="4" class="detailsBox">
                  <div id="com.test.TestAppointment_testAppointmentPut_byStatus_failed_FAIL1_details"
                       class="testMethodDetails">
                     <div>
                        <b>Name: </b>testAppointmentPut
                     </div>
                     <div>
                        <b>Signature: </b>testAppointmentPut([Ljava.lang.String;)[pri:0, instance:com.test.TestAppointment@1d29cf23]
                     </div>
                     <div>
                        <b>Parameters: </b>
                        
                        [Ljava.lang.String;@2a5c8d3f
                        
                        
                     </div>
                     <div>
                        <b>Start time: </b>12:01:28
                     </div>
                     <div>
                        <b>End time: </b>12:01:28
                     </div>
                     <div>
                        <b>Duration: </b>71 ms
                        
                     </div>
                  </div>
               </td>
            </tr>
            <tr>
               <td colspan="4" class="detailsBox">
                  <div id="com.test.TestAppointment_testAppointmentPut_byStatus_failed_FAIL1_exception"
                       class="testMethodDetails">
                     <pre style="padding: 5px; margin: 0;">java.lang.AssertionError: Updating Appointments details failed.... expected [8009] but found [Rest Appt Updated]
                        	at org.testng.Assert.fail(Assert.java:94)
                        	at org.testng.Assert.failNotEquals(Assert.java:494)
                        	at org.testng.Assert.assertEquals(Assert.java:123)
                        	at org.testng.Assert.assertEquals(Assert.java:176)
                        	at com.test.TestAppointment.testAppointmentPut(TestAppointment.java:134)
                        	at sun.reflect.NativeMethodAccessorImpl.invoke0(Native Method)
                        	at sun.reflect.NativeMethodAccessorImpl.invoke(NativeMethodAccessorImpl.java:62)
                        	at sun.reflect.DelegatingMethodAccessorImpl.invoke(DelegatingMethodAccessorImpl.java:43)
                        	at java.lang.reflect.Method.invoke(Method.java:498)
                        	at org.testng.internal.MethodInvocationHelper.invokeMethod(MethodInvocationHelper.java:80)
                        	at org.testng.internal.Invoker.invokeMethod(Invoker.java:714)
                        	at org.testng.internal.Invoker.invokeTestMethod(Invoker.java:901)
                        	at org.testng.internal.Invoker.invokeTestMethods(Invoker.java:1231)
                        	at org.testng.internal.TestMethodWorker.invokeTestMethods(TestMethodWorker.java:127)
                        	at org.testng.internal.TestMethodWorker.run(TestMethodWorker.java:111)
                        	at org.testng.TestRunner.privateRun(TestRunner.java:767)
                        	at org.testng.TestRunner.run(TestRunner.java:617)
                        	at org.testng.SuiteRunner.runTest(SuiteRunner.java:334)
                        	at org.testng.SuiteRunner.runSequentially(SuiteRunner.java:329)
                        	at org.testng.SuiteRunner.privateRun(SuiteRunner.java:291)
                        	at org.testng.SuiteRunner.run(SuiteRunner.java:240)
                        	at org.testng.SuiteRunnerWorker.runSuite(SuiteRunnerWorker.java:52)
                        	at org.testng.SuiteRunnerWorker.run(SuiteRunnerWorker.java:86)
                        	at org.testng.TestNG.runSuitesSequentially(TestNG.java:1198)
                        	at org.testng.TestNG.runSuitesLocally(TestNG.java:1123)
                        	at org.testng.TestNG.run(TestNG.java:1031)
                        	at execution.Execution.execute(Execution.java:55)
                        	at execution.ExecuteSuite.main(ExecuteSuite.java:10)
                     </pre>
                  </div>
               </td>
            </tr>
            <tr id="com.test.TestProject_testProjectGet_byStatus_failed_FAIL2_row"
                class="testMethodStatusFAIL">
               <td width="100%" class="firstMethodCell">
                  <a onclick="toggleDetailsVisibility('com.test.TestProject_testProjectGet_byStatus_failed_FAIL2_details')">testProjectGet</a>
               </td>
               <td nowrap="true">12:01:27</td>
               <td nowrap="true" align="right">69 ms
                  
               </td>
               <td nowrap="true">
                  <a onclick="toggleDetailsVisibility('com.test.TestProject_testProjectGet_byStatus_failed_FAIL2_exception')">java.lang.AssertionError: 
                     Getting Projects details failed.... expected [DISP-000219] but found [Rest Project]
                     
                  </a>
                   
                  
               </td>
            </tr>
            <tr>
               <td colspan="4" class="detailsBox">
                  <div id="com.test.TestProject_testProjectGet_byStatus_failed_FAIL2_details"
                       class="testMethodDetails">
                     <div>
                        <b>Name: </b>testProjectGet
                     </div>
                     <div>
                        <b>Signature: </b>testProjectGet()[pri:0, instance:com.test.TestProject@56aac163]
                     </div>
                     <div>
                        <b>Start time: </b>12:01:27
                     </div>
                     <div>
                        <b>End time: </b>12:01:27
                     </div>
                     <div>
                        <b>Duration: </b>69 ms
                        
                     </div>
                  </div>
               </td>
            </tr>
            <tr>
               <td colspan="4" class="detailsBox">
                  <div id="com.test.TestProject_testProjectGet_byStatus_failed_FAIL2_exception"
                       class="testMethodDetails">
                     <pre style="padding: 5px; margin: 0;">java.lang.AssertionError: Getting Projects details failed.... expected [DISP-000219] but found [Rest Project]
                        	at org.testng.Assert.fail(Assert.java:94)
                        	at org.testng.Assert.failNotEquals(Assert.java:494)
                        	at org.testng.Assert.assertEquals(Assert.java:123)
                        	at org.testng.Assert.assertEquals(Assert.java:176)
                        	at com.test.TestProject.testProjectGet(TestProject.java:97)
                        	at sun.reflect.NativeMethodAccessorImpl.invoke0(Native Method)
                        	at sun.reflect.NativeMethodAccessorImpl.invoke(NativeMethodAccessorImpl.java:62)
                        	at sun.reflect.DelegatingMethodAccessorImpl.invoke(DelegatingMethodAccessorImpl.java:43)
                        	at java.lang.reflect.Method.invoke(Method.java:498)
                        	at org.testng.internal.MethodInvocationHelper.invokeMethod(MethodInvocationHelper.java:80)
                        	at org.testng.internal.Invoker.invokeMethod(Invoker.java:714)
                        	at org.testng.internal.Invoker.invokeTestMethod(Invoker.java:901)
                        	at org.testng.internal.Invoker.invokeTestMethods(Invoker.java:1231)
                        	at org.testng.internal.TestMethodWorker.invokeTestMethods(TestMethodWorker.java:127)
                        	at org.testng.internal.TestMethodWorker.run(TestMethodWorker.java:111)
                        	at org.testng.TestRunner.privateRun(TestRunner.java:767)
                        	at org.testng.TestRunner.run(TestRunner.java:617)
                        	at org.testng.SuiteRunner.runTest(SuiteRunner.java:334)
                        	at org.testng.SuiteRunner.runSequentially(SuiteRunner.java:329)
                        	at org.testng.SuiteRunner.privateRun(SuiteRunner.java:291)
                        	at org.testng.SuiteRunner.run(SuiteRunner.java:240)
                        	at org.testng.SuiteRunnerWorker.runSuite(SuiteRunnerWorker.java:52)
                        	at org.testng.SuiteRunnerWorker.run(SuiteRunnerWorker.java:86)
                        	at org.testng.TestNG.runSuitesSequentially(TestNG.java:1198)
                        	at org.testng.TestNG.runSuitesLocally(TestNG.java:1123)
                        	at org.testng.TestNG.run(TestNG.java:1031)
                        	at execution.Execution.execute(Execution.java:55)
                        	at execution.ExecuteSuite.main(ExecuteSuite.java:10)
                     </pre>
                  </div>
               </td>
            </tr>
            <tr id="com.test.TestDocument_testDocumentGet_byStatus_failed_FAIL3_row"
                class="testMethodStatusFAIL">
               <td width="100%" class="firstMethodCell">
                  <a onclick="toggleDetailsVisibility('com.test.TestDocument_testDocumentGet_byStatus_failed_FAIL3_details')">testDocumentGet</a>
               </td>
               <td nowrap="true">12:01:28</td>
               <td nowrap="true" align="right">22 ms
                  
               </td>
               <td nowrap="true">
                  <a onclick="toggleDetailsVisibility('com.test.TestDocument_testDocumentGet_byStatus_failed_FAIL3_exception')">java.lang.AssertionError: 
                     Getting Documents details failed.... expected [FOLDER] but found [Test1]
                     
                  </a>
                   
                  
               </td>
            </tr>
            <tr>
               <td colspan="4" class="detailsBox">
                  <div id="com.test.TestDocument_testDocumentGet_byStatus_failed_FAIL3_details"
                       class="testMethodDetails">
                     <div>
                        <b>Name: </b>testDocumentGet
                     </div>
                     <div>
                        <b>Signature: </b>testDocumentGet()[pri:0, instance:com.test.TestDocument@27a5f880]
                     </div>
                     <div>
                        <b>Start time: </b>12:01:28
                     </div>
                     <div>
                        <b>End time: </b>12:01:28
                     </div>
                     <div>
                        <b>Duration: </b>22 ms
                        
                     </div>
                  </div>
               </td>
            </tr>
            <tr>
               <td colspan="4" class="detailsBox">
                  <div id="com.test.TestDocument_testDocumentGet_byStatus_failed_FAIL3_exception"
                       class="testMethodDetails">
                     <pre style="padding: 5px; margin: 0;">java.lang.AssertionError: Getting Documents details failed.... expected [FOLDER] but found [Test1]
                        	at org.testng.Assert.fail(Assert.java:94)
                        	at org.testng.Assert.failNotEquals(Assert.java:494)
                        	at org.testng.Assert.assertEquals(Assert.java:123)
                        	at org.testng.Assert.assertEquals(Assert.java:176)
                        	at com.test.TestDocument.testDocumentGet(TestDocument.java:88)
                        	at sun.reflect.NativeMethodAccessorImpl.invoke0(Native Method)
                        	at sun.reflect.NativeMethodAccessorImpl.invoke(NativeMethodAccessorImpl.java:62)
                        	at sun.reflect.DelegatingMethodAccessorImpl.invoke(DelegatingMethodAccessorImpl.java:43)
                        	at java.lang.reflect.Method.invoke(Method.java:498)
                        	at org.testng.internal.MethodInvocationHelper.invokeMethod(MethodInvocationHelper.java:80)
                        	at org.testng.internal.Invoker.invokeMethod(Invoker.java:714)
                        	at org.testng.internal.Invoker.invokeTestMethod(Invoker.java:901)
                        	at org.testng.internal.Invoker.invokeTestMethods(Invoker.java:1231)
                        	at org.testng.internal.TestMethodWorker.invokeTestMethods(TestMethodWorker.java:127)
                        	at org.testng.internal.TestMethodWorker.run(TestMethodWorker.java:111)
                        	at org.testng.TestRunner.privateRun(TestRunner.java:767)
                        	at org.testng.TestRunner.run(TestRunner.java:617)
                        	at org.testng.SuiteRunner.runTest(SuiteRunner.java:334)
                        	at org.testng.SuiteRunner.runSequentially(SuiteRunner.java:329)
                        	at org.testng.SuiteRunner.privateRun(SuiteRunner.java:291)
                        	at org.testng.SuiteRunner.run(SuiteRunner.java:240)
                        	at org.testng.SuiteRunnerWorker.runSuite(SuiteRunnerWorker.java:52)
                        	at org.testng.SuiteRunnerWorker.run(SuiteRunnerWorker.java:86)
                        	at org.testng.TestNG.runSuitesSequentially(TestNG.java:1198)
                        	at org.testng.TestNG.runSuitesLocally(TestNG.java:1123)
                        	at org.testng.TestNG.run(TestNG.java:1031)
                        	at execution.Execution.execute(Execution.java:55)
                        	at execution.ExecuteSuite.main(ExecuteSuite.java:10)
                     </pre>
                  </div>
               </td>
            </tr>
            <tr id="com.test.TestAppointment_testAppointmentPost_byStatus_passed_PASS1_row"
                class="testMethodStatusPASS">
               <td width="100%" class="firstMethodCell">
                  <a onclick="toggleDetailsVisibility('com.test.TestAppointment_testAppointmentPost_byStatus_passed_PASS1_details')">testAppointmentPost</a>
               </td>
               <td nowrap="true">12:01:28</td>
               <td nowrap="true" align="right">97 ms
                  
               </td>
               <td nowrap="true">
                   
                  
               </td>
            </tr>
            <tr>
               <td colspan="4" class="detailsBox">
                  <div id="com.test.TestAppointment_testAppointmentPost_byStatus_passed_PASS1_details"
                       class="testMethodDetails">
                     <div>
                        <b>Name: </b>testAppointmentPost
                     </div>
                     <div>
                        <b>Signature: </b>testAppointmentPost([Ljava.lang.String;)[pri:0, instance:com.test.TestAppointment@1d29cf23]
                     </div>
                     <div>
                        <b>Parameters: </b>
                        
                        [Ljava.lang.String;@2a5c8d3f
                        
                        
                     </div>
                     <div>
                        <b>Start time: </b>12:01:28
                     </div>
                     <div>
                        <b>End time: </b>12:01:28
                     </div>
                     <div>
                        <b>Duration: </b>97 ms
                        
                     </div>
                  </div>
               </td>
            </tr>
            <tr></tr>
            <tr id="com.test.TestAppointment_testAppointmentGet_byStatus_passed_PASS2_row"
                class="testMethodStatusPASS">
               <td width="100%" class="firstMethodCell">
                  <a onclick="toggleDetailsVisibility('com.test.TestAppointment_testAppointmentGet_byStatus_passed_PASS2_details')">testAppointmentGet</a>
               </td>
               <td nowrap="true">12:01:28</td>
               <td nowrap="true" align="right">35 ms
                  
               </td>
               <td nowrap="true">
                   
                  
               </td>
            </tr>
            <tr>
               <td colspan="4" class="detailsBox">
                  <div id="com.test.TestAppointment_testAppointmentGet_byStatus_passed_PASS2_details"
                       class="testMethodDetails">
                     <div>
                        <b>Name: </b>testAppointmentGet
                     </div>
                     <div>
                        <b>Signature: </b>testAppointmentGet()[pri:0, instance:com.test.TestAppointment@1d29cf23]
                     </div>
                     <div>
                        <b>Start time: </b>12:01:28
                     </div>
                     <div>
                        <b>End time: </b>12:01:28
                     </div>
                     <div>
                        <b>Duration: </b>35 ms
                        
                     </div>
                  </div>
               </td>
            </tr>
            <tr></tr>
            <tr id="com.test.TestAppointment_testAppointmentDelete_byStatus_passed_PASS3_row"
                class="testMethodStatusPASS">
               <td width="100%" class="firstMethodCell">
                  <a onclick="toggleDetailsVisibility('com.test.TestAppointment_testAppointmentDelete_byStatus_passed_PASS3_details')">testAppointmentDelete</a>
               </td>
               <td nowrap="true">12:01:28</td>
               <td nowrap="true" align="right">45 ms
                  
               </td>
               <td nowrap="true">
                   
                  
               </td>
            </tr>
            <tr>
               <td colspan="4" class="detailsBox">
                  <div id="com.test.TestAppointment_testAppointmentDelete_byStatus_passed_PASS3_details"
                       class="testMethodDetails">
                     <div>
                        <b>Name: </b>testAppointmentDelete
                     </div>
                     <div>
                        <b>Signature: </b>testAppointmentDelete()[pri:0, instance:com.test.TestAppointment@1d29cf23]
                     </div>
                     <div>
                        <b>Start time: </b>12:01:28
                     </div>
                     <div>
                        <b>End time: </b>12:01:28
                     </div>
                     <div>
                        <b>Duration: </b>45 ms
                        
                     </div>
                  </div>
               </td>
            </tr>
            <tr></tr>
            <tr id="com.test.TestProject_testProjectPost_byStatus_passed_PASS4_row"
                class="testMethodStatusPASS">
               <td width="100%" class="firstMethodCell">
                  <a onclick="toggleDetailsVisibility('com.test.TestProject_testProjectPost_byStatus_passed_PASS4_details')">testProjectPost</a>
               </td>
               <td nowrap="true">12:01:27</td>
               <td nowrap="true" align="right">476 ms
                  
               </td>
               <td nowrap="true">
                   
                  
               </td>
            </tr>
            <tr>
               <td colspan="4" class="detailsBox">
                  <div id="com.test.TestProject_testProjectPost_byStatus_passed_PASS4_details"
                       class="testMethodDetails">
                     <div>
                        <b>Name: </b>testProjectPost
                     </div>
                     <div>
                        <b>Signature: </b>testProjectPost([Ljava.lang.String;)[pri:0, instance:com.test.TestProject@56aac163]
                     </div>
                     <div>
                        <b>Parameters: </b>
                        
                        [Ljava.lang.String;@2a5c8d3f
                        
                        
                     </div>
                     <div>
                        <b>Start time: </b>12:01:27
                     </div>
                     <div>
                        <b>End time: </b>12:01:27
                     </div>
                     <div>
                        <b>Duration: </b>476 ms
                        
                     </div>
                  </div>
               </td>
            </tr>
            <tr></tr>
            <tr id="com.test.TestProject_testProjectPut_byStatus_passed_PASS5_row"
                class="testMethodStatusPASS">
               <td width="100%" class="firstMethodCell">
                  <a onclick="toggleDetailsVisibility('com.test.TestProject_testProjectPut_byStatus_passed_PASS5_details')">testProjectPut</a>
               </td>
               <td nowrap="true">12:01:27</td>
               <td nowrap="true" align="right">102 ms
                  
               </td>
               <td nowrap="true">
                   
                  
               </td>
            </tr>
            <tr>
               <td colspan="4" class="detailsBox">
                  <div id="com.test.TestProject_testProjectPut_byStatus_passed_PASS5_details"
                       class="testMethodDetails">
                     <div>
                        <b>Name: </b>testProjectPut
                     </div>
                     <div>
                        <b>Signature: </b>testProjectPut([Ljava.lang.String;)[pri:0, instance:com.test.TestProject@56aac163]
                     </div>
                     <div>
                        <b>Parameters: </b>
                        
                        [Ljava.lang.String;@2a5c8d3f
                        
                        
                     </div>
                     <div>
                        <b>Start time: </b>12:01:27
                     </div>
                     <div>
                        <b>End time: </b>12:01:27
                     </div>
                     <div>
                        <b>Duration: </b>102 ms
                        
                     </div>
                  </div>
               </td>
            </tr>
            <tr></tr>
            <tr id="com.test.TestProject_testProjectDelete_byStatus_passed_PASS6_row"
                class="testMethodStatusPASS">
               <td width="100%" class="firstMethodCell">
                  <a onclick="toggleDetailsVisibility('com.test.TestProject_testProjectDelete_byStatus_passed_PASS6_details')">testProjectDelete</a>
               </td>
               <td nowrap="true">12:01:27</td>
               <td nowrap="true" align="right">353 ms
                  
               </td>
               <td nowrap="true">
                   
                  
               </td>
            </tr>
            <tr>
               <td colspan="4" class="detailsBox">
                  <div id="com.test.TestProject_testProjectDelete_byStatus_passed_PASS6_details"
                       class="testMethodDetails">
                     <div>
                        <b>Name: </b>testProjectDelete
                     </div>
                     <div>
                        <b>Signature: </b>testProjectDelete()[pri:0, instance:com.test.TestProject@56aac163]
                     </div>
                     <div>
                        <b>Start time: </b>12:01:27
                     </div>
                     <div>
                        <b>End time: </b>12:01:28
                     </div>
                     <div>
                        <b>Duration: </b>353 ms
                        
                     </div>
                  </div>
               </td>
            </tr>
            <tr></tr>
            <tr id="com.test.TestTask_testTaskPost_byStatus_passed_PASS7_row"
                class="testMethodStatusPASS">
               <td width="100%" class="firstMethodCell">
                  <a onclick="toggleDetailsVisibility('com.test.TestTask_testTaskPost_byStatus_passed_PASS7_details')">testTaskPost</a>
               </td>
               <td nowrap="true">12:01:28</td>
               <td nowrap="true" align="right">38 ms
                  
               </td>
               <td nowrap="true">
                   
                  
               </td>
            </tr>
            <tr>
               <td colspan="4" class="detailsBox">
                  <div id="com.test.TestTask_testTaskPost_byStatus_passed_PASS7_details"
                       class="testMethodDetails">
                     <div>
                        <b>Name: </b>testTaskPost
                     </div>
                     <div>
                        <b>Signature: </b>testTaskPost([Ljava.lang.String;)[pri:0, instance:com.test.TestTask@1f554b06]
                     </div>
                     <div>
                        <b>Parameters: </b>
                        
                        [Ljava.lang.String;@2a5c8d3f
                        
                        
                     </div>
                     <div>
                        <b>Start time: </b>12:01:28
                     </div>
                     <div>
                        <b>End time: </b>12:01:28
                     </div>
                     <div>
                        <b>Duration: </b>38 ms
                        
                     </div>
                  </div>
               </td>
            </tr>
            <tr></tr>
            <tr id="com.test.TestTask_testTaskGet_byStatus_passed_PASS8_row"
                class="testMethodStatusPASS">
               <td width="100%" class="firstMethodCell">
                  <a onclick="toggleDetailsVisibility('com.test.TestTask_testTaskGet_byStatus_passed_PASS8_details')">testTaskGet</a>
               </td>
               <td nowrap="true">12:01:28</td>
               <td nowrap="true" align="right">29 ms
                  
               </td>
               <td nowrap="true">
                   
                  
               </td>
            </tr>
            <tr>
               <td colspan="4" class="detailsBox">
                  <div id="com.test.TestTask_testTaskGet_byStatus_passed_PASS8_details"
                       class="testMethodDetails">
                     <div>
                        <b>Name: </b>testTaskGet
                     </div>
                     <div>
                        <b>Signature: </b>testTaskGet()[pri:0, instance:com.test.TestTask@1f554b06]
                     </div>
                     <div>
                        <b>Start time: </b>12:01:28
                     </div>
                     <div>
                        <b>End time: </b>12:01:28
                     </div>
                     <div>
                        <b>Duration: </b>29 ms
                        
                     </div>
                  </div>
               </td>
            </tr>
            <tr></tr>
            <tr id="com.test.TestTask_testTaskPut_byStatus_passed_PASS9_row"
                class="testMethodStatusPASS">
               <td width="100%" class="firstMethodCell">
                  <a onclick="toggleDetailsVisibility('com.test.TestTask_testTaskPut_byStatus_passed_PASS9_details')">testTaskPut</a>
               </td>
               <td nowrap="true">12:01:28</td>
               <td nowrap="true" align="right">61 ms
                  
               </td>
               <td nowrap="true">
                   
                  
               </td>
            </tr>
            <tr>
               <td colspan="4" class="detailsBox">
                  <div id="com.test.TestTask_testTaskPut_byStatus_passed_PASS9_details"
                       class="testMethodDetails">
                     <div>
                        <b>Name: </b>testTaskPut
                     </div>
                     <div>
                        <b>Signature: </b>testTaskPut([Ljava.lang.String;)[pri:0, instance:com.test.TestTask@1f554b06]
                     </div>
                     <div>
                        <b>Parameters: </b>
                        
                        [Ljava.lang.String;@2a5c8d3f
                        
                        
                     </div>
                     <div>
                        <b>Start time: </b>12:01:28
                     </div>
                     <div>
                        <b>End time: </b>12:01:28
                     </div>
                     <div>
                        <b>Duration: </b>61 ms
                        
                     </div>
                  </div>
               </td>
            </tr>
            <tr></tr>
            <tr id="com.test.TestTask_testTaskDelete_byStatus_passed_PASS10_row"
                class="testMethodStatusPASS">
               <td width="100%" class="firstMethodCell">
                  <a onclick="toggleDetailsVisibility('com.test.TestTask_testTaskDelete_byStatus_passed_PASS10_details')">testTaskDelete</a>
               </td>
               <td nowrap="true">12:01:28</td>
               <td nowrap="true" align="right">58 ms
                  
               </td>
               <td nowrap="true">
                   
                  
               </td>
            </tr>
            <tr>
               <td colspan="4" class="detailsBox">
                  <div id="com.test.TestTask_testTaskDelete_byStatus_passed_PASS10_details"
                       class="testMethodDetails">
                     <div>
                        <b>Name: </b>testTaskDelete
                     </div>
                     <div>
                        <b>Signature: </b>testTaskDelete()[pri:0, instance:com.test.TestTask@1f554b06]
                     </div>
                     <div>
                        <b>Start time: </b>12:01:28
                     </div>
                     <div>
                        <b>End time: </b>12:01:28
                     </div>
                     <div>
                        <b>Duration: </b>58 ms
                        
                     </div>
                  </div>
               </td>
            </tr>
            <tr></tr>
            <tr id="com.test.TestDocument_testDocumentPost_byStatus_passed_PASS11_row"
                class="testMethodStatusPASS">
               <td width="100%" class="firstMethodCell">
                  <a onclick="toggleDetailsVisibility('com.test.TestDocument_testDocumentPost_byStatus_passed_PASS11_details')">testDocumentPost</a>
               </td>
               <td nowrap="true">12:01:28</td>
               <td nowrap="true" align="right">51 ms
                  
               </td>
               <td nowrap="true">
                   
                  
               </td>
            </tr>
            <tr>
               <td colspan="4" class="detailsBox">
                  <div id="com.test.TestDocument_testDocumentPost_byStatus_passed_PASS11_details"
                       class="testMethodDetails">
                     <div>
                        <b>Name: </b>testDocumentPost
                     </div>
                     <div>
                        <b>Signature: </b>testDocumentPost([Ljava.lang.String;)[pri:0, instance:com.test.TestDocument@27a5f880]
                     </div>
                     <div>
                        <b>Parameters: </b>
                        
                        [Ljava.lang.String;@2a5c8d3f
                        
                        
                     </div>
                     <div>
                        <b>Start time: </b>12:01:28
                     </div>
                     <div>
                        <b>End time: </b>12:01:28
                     </div>
                     <div>
                        <b>Duration: </b>51 ms
                        
                     </div>
                  </div>
               </td>
            </tr>
            <tr></tr>
            <tr id="com.test.TestDocument_testDocumentPut_byStatus_passed_PASS12_row"
                class="testMethodStatusPASS">
               <td width="100%" class="firstMethodCell">
                  <a onclick="toggleDetailsVisibility('com.test.TestDocument_testDocumentPut_byStatus_passed_PASS12_details')">testDocumentPut</a>
               </td>
               <td nowrap="true">12:01:28</td>
               <td nowrap="true" align="right">70 ms
                  
               </td>
               <td nowrap="true">
                   
                  
               </td>
            </tr>
            <tr>
               <td colspan="4" class="detailsBox">
                  <div id="com.test.TestDocument_testDocumentPut_byStatus_passed_PASS12_details"
                       class="testMethodDetails">
                     <div>
                        <b>Name: </b>testDocumentPut
                     </div>
                     <div>
                        <b>Signature: </b>testDocumentPut([Ljava.lang.String;)[pri:0, instance:com.test.TestDocument@27a5f880]
                     </div>
                     <div>
                        <b>Parameters: </b>
                        
                        [Ljava.lang.String;@2a5c8d3f
                        
                        
                     </div>
                     <div>
                        <b>Start time: </b>12:01:28
                     </div>
                     <div>
                        <b>End time: </b>12:01:28
                     </div>
                     <div>
                        <b>Duration: </b>70 ms
                        
                     </div>
                  </div>
               </td>
            </tr>
            <tr></tr>
            <tr id="com.test.TestDocument_testDocumentDelete_byStatus_passed_PASS13_row"
                class="testMethodStatusPASS">
               <td width="100%" class="firstMethodCell">
                  <a onclick="toggleDetailsVisibility('com.test.TestDocument_testDocumentDelete_byStatus_passed_PASS13_details')">testDocumentDelete</a>
               </td>
               <td nowrap="true">12:01:28</td>
               <td nowrap="true" align="right">142 ms
                  
               </td>
               <td nowrap="true">
                   
                  
               </td>
            </tr>
            <tr>
               <td colspan="4" class="detailsBox">
                  <div id="com.test.TestDocument_testDocumentDelete_byStatus_passed_PASS13_details"
                       class="testMethodDetails">
                     <div>
                        <b>Name: </b>testDocumentDelete
                     </div>
                     <div>
                        <b>Signature: </b>testDocumentDelete()[pri:0, instance:com.test.TestDocument@27a5f880]
                     </div>
                     <div>
                        <b>Start time: </b>12:01:28
                     </div>
                     <div>
                        <b>End time: </b>12:01:28
                     </div>
                     <div>
                        <b>Duration: </b>142 ms
                        
                     </div>
                  </div>
               </td>
            </tr>
            <tr></tr>
         </table>
      </div>
      <div id="testMethodsByClass" style="display: none;">
         <table class="testMethodsTable" cellpadding="0" cellspacing="0">
            <tr>
               <td colspan="4">
                  <h3 style="display: inline;">com.test.TestAppointment</h3>
               </td>
            </tr>
            <tr class="methodsTableHeader">
               <td width="100%">Name</td>
               <td nowrap="true">Started</td>
               <td nowrap="true">Duration</td>
               <td>Exception</td>
            </tr>
            <tr id="com.test.TestAppointment_testAppointmentPost_byClass_PASS1_row"
                class="testMethodStatusPASS">
               <td width="100%" class="firstMethodCell">
                  <a onclick="toggleDetailsVisibility('com.test.TestAppointment_testAppointmentPost_byClass_PASS1_details')">testAppointmentPost</a>
               </td>
               <td nowrap="true">12:01:28</td>
               <td nowrap="true" align="right">97 ms
                  
               </td>
               <td nowrap="true">
                   
                  
               </td>
            </tr>
            <tr>
               <td colspan="4" class="detailsBox">
                  <div id="com.test.TestAppointment_testAppointmentPost_byClass_PASS1_details"
                       class="testMethodDetails">
                     <div>
                        <b>Name: </b>testAppointmentPost
                     </div>
                     <div>
                        <b>Signature: </b>testAppointmentPost([Ljava.lang.String;)[pri:0, instance:com.test.TestAppointment@1d29cf23]
                     </div>
                     <div>
                        <b>Parameters: </b>
                        
                        [Ljava.lang.String;@2a5c8d3f
                        
                        
                     </div>
                     <div>
                        <b>Start time: </b>12:01:28
                     </div>
                     <div>
                        <b>End time: </b>12:01:28
                     </div>
                     <div>
                        <b>Duration: </b>97 ms
                        
                     </div>
                  </div>
               </td>
            </tr>
            <tr></tr>
            <tr id="com.test.TestAppointment_testAppointmentGet_byClass_PASS2_row"
                class="testMethodStatusPASS">
               <td width="100%" class="firstMethodCell">
                  <a onclick="toggleDetailsVisibility('com.test.TestAppointment_testAppointmentGet_byClass_PASS2_details')">testAppointmentGet</a>
               </td>
               <td nowrap="true">12:01:28</td>
               <td nowrap="true" align="right">35 ms
                  
               </td>
               <td nowrap="true">
                   
                  
               </td>
            </tr>
            <tr>
               <td colspan="4" class="detailsBox">
                  <div id="com.test.TestAppointment_testAppointmentGet_byClass_PASS2_details"
                       class="testMethodDetails">
                     <div>
                        <b>Name: </b>testAppointmentGet
                     </div>
                     <div>
                        <b>Signature: </b>testAppointmentGet()[pri:0, instance:com.test.TestAppointment@1d29cf23]
                     </div>
                     <div>
                        <b>Start time: </b>12:01:28
                     </div>
                     <div>
                        <b>End time: </b>12:01:28
                     </div>
                     <div>
                        <b>Duration: </b>35 ms
                        
                     </div>
                  </div>
               </td>
            </tr>
            <tr></tr>
            <tr id="com.test.TestAppointment_testAppointmentPut_byClass_FAIL3_row"
                class="testMethodStatusFAIL">
               <td width="100%" class="firstMethodCell">
                  <a onclick="toggleDetailsVisibility('com.test.TestAppointment_testAppointmentPut_byClass_FAIL3_details')">testAppointmentPut</a>
               </td>
               <td nowrap="true">12:01:28</td>
               <td nowrap="true" align="right">71 ms
                  
               </td>
               <td nowrap="true">
                  <a onclick="toggleDetailsVisibility('com.test.TestAppointment_testAppointmentPut_byClass_FAIL3_exception')">java.lang.AssertionError: 
                     Updating Appointments details failed.... expected [8009] but found [Rest Appt Updated]
                     
                  </a>
                   
                  
               </td>
            </tr>
            <tr>
               <td colspan="4" class="detailsBox">
                  <div id="com.test.TestAppointment_testAppointmentPut_byClass_FAIL3_details"
                       class="testMethodDetails">
                     <div>
                        <b>Name: </b>testAppointmentPut
                     </div>
                     <div>
                        <b>Signature: </b>testAppointmentPut([Ljava.lang.String;)[pri:0, instance:com.test.TestAppointment@1d29cf23]
                     </div>
                     <div>
                        <b>Parameters: </b>
                        
                        [Ljava.lang.String;@2a5c8d3f
                        
                        
                     </div>
                     <div>
                        <b>Start time: </b>12:01:28
                     </div>
                     <div>
                        <b>End time: </b>12:01:28
                     </div>
                     <div>
                        <b>Duration: </b>71 ms
                        
                     </div>
                  </div>
               </td>
            </tr>
            <tr>
               <td colspan="4" class="detailsBox">
                  <div id="com.test.TestAppointment_testAppointmentPut_byClass_FAIL3_exception"
                       class="testMethodDetails">
                     <pre style="padding: 5px; margin: 0;">java.lang.AssertionError: Updating Appointments details failed.... expected [8009] but found [Rest Appt Updated]
                        	at org.testng.Assert.fail(Assert.java:94)
                        	at org.testng.Assert.failNotEquals(Assert.java:494)
                        	at org.testng.Assert.assertEquals(Assert.java:123)
                        	at org.testng.Assert.assertEquals(Assert.java:176)
                        	at com.test.TestAppointment.testAppointmentPut(TestAppointment.java:134)
                        	at sun.reflect.NativeMethodAccessorImpl.invoke0(Native Method)
                        	at sun.reflect.NativeMethodAccessorImpl.invoke(NativeMethodAccessorImpl.java:62)
                        	at sun.reflect.DelegatingMethodAccessorImpl.invoke(DelegatingMethodAccessorImpl.java:43)
                        	at java.lang.reflect.Method.invoke(Method.java:498)
                        	at org.testng.internal.MethodInvocationHelper.invokeMethod(MethodInvocationHelper.java:80)
                        	at org.testng.internal.Invoker.invokeMethod(Invoker.java:714)
                        	at org.testng.internal.Invoker.invokeTestMethod(Invoker.java:901)
                        	at org.testng.internal.Invoker.invokeTestMethods(Invoker.java:1231)
                        	at org.testng.internal.TestMethodWorker.invokeTestMethods(TestMethodWorker.java:127)
                        	at org.testng.internal.TestMethodWorker.run(TestMethodWorker.java:111)
                        	at org.testng.TestRunner.privateRun(TestRunner.java:767)
                        	at org.testng.TestRunner.run(TestRunner.java:617)
                        	at org.testng.SuiteRunner.runTest(SuiteRunner.java:334)
                        	at org.testng.SuiteRunner.runSequentially(SuiteRunner.java:329)
                        	at org.testng.SuiteRunner.privateRun(SuiteRunner.java:291)
                        	at org.testng.SuiteRunner.run(SuiteRunner.java:240)
                        	at org.testng.SuiteRunnerWorker.runSuite(SuiteRunnerWorker.java:52)
                        	at org.testng.SuiteRunnerWorker.run(SuiteRunnerWorker.java:86)
                        	at org.testng.TestNG.runSuitesSequentially(TestNG.java:1198)
                        	at org.testng.TestNG.runSuitesLocally(TestNG.java:1123)
                        	at org.testng.TestNG.run(TestNG.java:1031)
                        	at execution.Execution.execute(Execution.java:55)
                        	at execution.ExecuteSuite.main(ExecuteSuite.java:10)
                     </pre>
                  </div>
               </td>
            </tr>
            <tr id="com.test.TestAppointment_testAppointmentDelete_byClass_PASS4_row"
                class="testMethodStatusPASS">
               <td width="100%" class="firstMethodCell">
                  <a onclick="toggleDetailsVisibility('com.test.TestAppointment_testAppointmentDelete_byClass_PASS4_details')">testAppointmentDelete</a>
               </td>
               <td nowrap="true">12:01:28</td>
               <td nowrap="true" align="right">45 ms
                  
               </td>
               <td nowrap="true">
                   
                  
               </td>
            </tr>
            <tr>
               <td colspan="4" class="detailsBox">
                  <div id="com.test.TestAppointment_testAppointmentDelete_byClass_PASS4_details"
                       class="testMethodDetails">
                     <div>
                        <b>Name: </b>testAppointmentDelete
                     </div>
                     <div>
                        <b>Signature: </b>testAppointmentDelete()[pri:0, instance:com.test.TestAppointment@1d29cf23]
                     </div>
                     <div>
                        <b>Start time: </b>12:01:28
                     </div>
                     <div>
                        <b>End time: </b>12:01:28
                     </div>
                     <div>
                        <b>Duration: </b>45 ms
                        
                     </div>
                  </div>
               </td>
            </tr>
            <tr></tr>
         </table>
         <br></br>
         <table class="testMethodsTable" cellpadding="0" cellspacing="0">
            <tr>
               <td colspan="4">
                  <h3 style="display: inline;">com.test.TestDocument</h3>
               </td>
            </tr>
            <tr class="methodsTableHeader">
               <td width="100%">Name</td>
               <td nowrap="true">Started</td>
               <td nowrap="true">Duration</td>
               <td>Exception</td>
            </tr>
            <tr id="com.test.TestDocument_testDocumentPost_byClass_PASS1_row"
                class="testMethodStatusPASS">
               <td width="100%" class="firstMethodCell">
                  <a onclick="toggleDetailsVisibility('com.test.TestDocument_testDocumentPost_byClass_PASS1_details')">testDocumentPost</a>
               </td>
               <td nowrap="true">12:01:28</td>
               <td nowrap="true" align="right">51 ms
                  
               </td>
               <td nowrap="true">
                   
                  
               </td>
            </tr>
            <tr>
               <td colspan="4" class="detailsBox">
                  <div id="com.test.TestDocument_testDocumentPost_byClass_PASS1_details"
                       class="testMethodDetails">
                     <div>
                        <b>Name: </b>testDocumentPost
                     </div>
                     <div>
                        <b>Signature: </b>testDocumentPost([Ljava.lang.String;)[pri:0, instance:com.test.TestDocument@27a5f880]
                     </div>
                     <div>
                        <b>Parameters: </b>
                        
                        [Ljava.lang.String;@2a5c8d3f
                        
                        
                     </div>
                     <div>
                        <b>Start time: </b>12:01:28
                     </div>
                     <div>
                        <b>End time: </b>12:01:28
                     </div>
                     <div>
                        <b>Duration: </b>51 ms
                        
                     </div>
                  </div>
               </td>
            </tr>
            <tr></tr>
            <tr id="com.test.TestDocument_testDocumentGet_byClass_FAIL2_row"
                class="testMethodStatusFAIL">
               <td width="100%" class="firstMethodCell">
                  <a onclick="toggleDetailsVisibility('com.test.TestDocument_testDocumentGet_byClass_FAIL2_details')">testDocumentGet</a>
               </td>
               <td nowrap="true">12:01:28</td>
               <td nowrap="true" align="right">22 ms
                  
               </td>
               <td nowrap="true">
                  <a onclick="toggleDetailsVisibility('com.test.TestDocument_testDocumentGet_byClass_FAIL2_exception')">java.lang.AssertionError: 
                     Getting Documents details failed.... expected [FOLDER] but found [Test1]
                     
                  </a>
                   
                  
               </td>
            </tr>
            <tr>
               <td colspan="4" class="detailsBox">
                  <div id="com.test.TestDocument_testDocumentGet_byClass_FAIL2_details"
                       class="testMethodDetails">
                     <div>
                        <b>Name: </b>testDocumentGet
                     </div>
                     <div>
                        <b>Signature: </b>testDocumentGet()[pri:0, instance:com.test.TestDocument@27a5f880]
                     </div>
                     <div>
                        <b>Start time: </b>12:01:28
                     </div>
                     <div>
                        <b>End time: </b>12:01:28
                     </div>
                     <div>
                        <b>Duration: </b>22 ms
                        
                     </div>
                  </div>
               </td>
            </tr>
            <tr>
               <td colspan="4" class="detailsBox">
                  <div id="com.test.TestDocument_testDocumentGet_byClass_FAIL2_exception"
                       class="testMethodDetails">
                     <pre style="padding: 5px; margin: 0;">java.lang.AssertionError: Getting Documents details failed.... expected [FOLDER] but found [Test1]
                        	at org.testng.Assert.fail(Assert.java:94)
                        	at org.testng.Assert.failNotEquals(Assert.java:494)
                        	at org.testng.Assert.assertEquals(Assert.java:123)
                        	at org.testng.Assert.assertEquals(Assert.java:176)
                        	at com.test.TestDocument.testDocumentGet(TestDocument.java:88)
                        	at sun.reflect.NativeMethodAccessorImpl.invoke0(Native Method)
                        	at sun.reflect.NativeMethodAccessorImpl.invoke(NativeMethodAccessorImpl.java:62)
                        	at sun.reflect.DelegatingMethodAccessorImpl.invoke(DelegatingMethodAccessorImpl.java:43)
                        	at java.lang.reflect.Method.invoke(Method.java:498)
                        	at org.testng.internal.MethodInvocationHelper.invokeMethod(MethodInvocationHelper.java:80)
                        	at org.testng.internal.Invoker.invokeMethod(Invoker.java:714)
                        	at org.testng.internal.Invoker.invokeTestMethod(Invoker.java:901)
                        	at org.testng.internal.Invoker.invokeTestMethods(Invoker.java:1231)
                        	at org.testng.internal.TestMethodWorker.invokeTestMethods(TestMethodWorker.java:127)
                        	at org.testng.internal.TestMethodWorker.run(TestMethodWorker.java:111)
                        	at org.testng.TestRunner.privateRun(TestRunner.java:767)
                        	at org.testng.TestRunner.run(TestRunner.java:617)
                        	at org.testng.SuiteRunner.runTest(SuiteRunner.java:334)
                        	at org.testng.SuiteRunner.runSequentially(SuiteRunner.java:329)
                        	at org.testng.SuiteRunner.privateRun(SuiteRunner.java:291)
                        	at org.testng.SuiteRunner.run(SuiteRunner.java:240)
                        	at org.testng.SuiteRunnerWorker.runSuite(SuiteRunnerWorker.java:52)
                        	at org.testng.SuiteRunnerWorker.run(SuiteRunnerWorker.java:86)
                        	at org.testng.TestNG.runSuitesSequentially(TestNG.java:1198)
                        	at org.testng.TestNG.runSuitesLocally(TestNG.java:1123)
                        	at org.testng.TestNG.run(TestNG.java:1031)
                        	at execution.Execution.execute(Execution.java:55)
                        	at execution.ExecuteSuite.main(ExecuteSuite.java:10)
                     </pre>
                  </div>
               </td>
            </tr>
            <tr id="com.test.TestDocument_testDocumentPut_byClass_PASS3_row"
                class="testMethodStatusPASS">
               <td width="100%" class="firstMethodCell">
                  <a onclick="toggleDetailsVisibility('com.test.TestDocument_testDocumentPut_byClass_PASS3_details')">testDocumentPut</a>
               </td>
               <td nowrap="true">12:01:28</td>
               <td nowrap="true" align="right">70 ms
                  
               </td>
               <td nowrap="true">
                   
                  
               </td>
            </tr>
            <tr>
               <td colspan="4" class="detailsBox">
                  <div id="com.test.TestDocument_testDocumentPut_byClass_PASS3_details"
                       class="testMethodDetails">
                     <div>
                        <b>Name: </b>testDocumentPut
                     </div>
                     <div>
                        <b>Signature: </b>testDocumentPut([Ljava.lang.String;)[pri:0, instance:com.test.TestDocument@27a5f880]
                     </div>
                     <div>
                        <b>Parameters: </b>
                        
                        [Ljava.lang.String;@2a5c8d3f
                        
                        
                     </div>
                     <div>
                        <b>Start time: </b>12:01:28
                     </div>
                     <div>
                        <b>End time: </b>12:01:28
                     </div>
                     <div>
                        <b>Duration: </b>70 ms
                        
                     </div>
                  </div>
               </td>
            </tr>
            <tr></tr>
            <tr id="com.test.TestDocument_testDocumentDelete_byClass_PASS4_row"
                class="testMethodStatusPASS">
               <td width="100%" class="firstMethodCell">
                  <a onclick="toggleDetailsVisibility('com.test.TestDocument_testDocumentDelete_byClass_PASS4_details')">testDocumentDelete</a>
               </td>
               <td nowrap="true">12:01:28</td>
               <td nowrap="true" align="right">142 ms
                  
               </td>
               <td nowrap="true">
                   
                  
               </td>
            </tr>
            <tr>
               <td colspan="4" class="detailsBox">
                  <div id="com.test.TestDocument_testDocumentDelete_byClass_PASS4_details"
                       class="testMethodDetails">
                     <div>
                        <b>Name: </b>testDocumentDelete
                     </div>
                     <div>
                        <b>Signature: </b>testDocumentDelete()[pri:0, instance:com.test.TestDocument@27a5f880]
                     </div>
                     <div>
                        <b>Start time: </b>12:01:28
                     </div>
                     <div>
                        <b>End time: </b>12:01:28
                     </div>
                     <div>
                        <b>Duration: </b>142 ms
                        
                     </div>
                  </div>
               </td>
            </tr>
            <tr></tr>
         </table>
         <br></br>
         <table class="testMethodsTable" cellpadding="0" cellspacing="0">
            <tr>
               <td colspan="4">
                  <h3 style="display: inline;">com.test.TestProject</h3>
               </td>
            </tr>
            <tr class="methodsTableHeader">
               <td width="100%">Name</td>
               <td nowrap="true">Started</td>
               <td nowrap="true">Duration</td>
               <td>Exception</td>
            </tr>
            <tr id="com.test.TestProject_testProjectPost_byClass_PASS1_row"
                class="testMethodStatusPASS">
               <td width="100%" class="firstMethodCell">
                  <a onclick="toggleDetailsVisibility('com.test.TestProject_testProjectPost_byClass_PASS1_details')">testProjectPost</a>
               </td>
               <td nowrap="true">12:01:27</td>
               <td nowrap="true" align="right">476 ms
                  
               </td>
               <td nowrap="true">
                   
                  
               </td>
            </tr>
            <tr>
               <td colspan="4" class="detailsBox">
                  <div id="com.test.TestProject_testProjectPost_byClass_PASS1_details"
                       class="testMethodDetails">
                     <div>
                        <b>Name: </b>testProjectPost
                     </div>
                     <div>
                        <b>Signature: </b>testProjectPost([Ljava.lang.String;)[pri:0, instance:com.test.TestProject@56aac163]
                     </div>
                     <div>
                        <b>Parameters: </b>
                        
                        [Ljava.lang.String;@2a5c8d3f
                        
                        
                     </div>
                     <div>
                        <b>Start time: </b>12:01:27
                     </div>
                     <div>
                        <b>End time: </b>12:01:27
                     </div>
                     <div>
                        <b>Duration: </b>476 ms
                        
                     </div>
                  </div>
               </td>
            </tr>
            <tr></tr>
            <tr id="com.test.TestProject_testProjectGet_byClass_FAIL2_row"
                class="testMethodStatusFAIL">
               <td width="100%" class="firstMethodCell">
                  <a onclick="toggleDetailsVisibility('com.test.TestProject_testProjectGet_byClass_FAIL2_details')">testProjectGet</a>
               </td>
               <td nowrap="true">12:01:27</td>
               <td nowrap="true" align="right">69 ms
                  
               </td>
               <td nowrap="true">
                  <a onclick="toggleDetailsVisibility('com.test.TestProject_testProjectGet_byClass_FAIL2_exception')">java.lang.AssertionError: 
                     Getting Projects details failed.... expected [DISP-000219] but found [Rest Project]
                     
                  </a>
                   
                  
               </td>
            </tr>
            <tr>
               <td colspan="4" class="detailsBox">
                  <div id="com.test.TestProject_testProjectGet_byClass_FAIL2_details"
                       class="testMethodDetails">
                     <div>
                        <b>Name: </b>testProjectGet
                     </div>
                     <div>
                        <b>Signature: </b>testProjectGet()[pri:0, instance:com.test.TestProject@56aac163]
                     </div>
                     <div>
                        <b>Start time: </b>12:01:27
                     </div>
                     <div>
                        <b>End time: </b>12:01:27
                     </div>
                     <div>
                        <b>Duration: </b>69 ms
                        
                     </div>
                  </div>
               </td>
            </tr>
            <tr>
               <td colspan="4" class="detailsBox">
                  <div id="com.test.TestProject_testProjectGet_byClass_FAIL2_exception"
                       class="testMethodDetails">
                     <pre style="padding: 5px; margin: 0;">java.lang.AssertionError: Getting Projects details failed.... expected [DISP-000219] but found [Rest Project]
                        	at org.testng.Assert.fail(Assert.java:94)
                        	at org.testng.Assert.failNotEquals(Assert.java:494)
                        	at org.testng.Assert.assertEquals(Assert.java:123)
                        	at org.testng.Assert.assertEquals(Assert.java:176)
                        	at com.test.TestProject.testProjectGet(TestProject.java:97)
                        	at sun.reflect.NativeMethodAccessorImpl.invoke0(Native Method)
                        	at sun.reflect.NativeMethodAccessorImpl.invoke(NativeMethodAccessorImpl.java:62)
                        	at sun.reflect.DelegatingMethodAccessorImpl.invoke(DelegatingMethodAccessorImpl.java:43)
                        	at java.lang.reflect.Method.invoke(Method.java:498)
                        	at org.testng.internal.MethodInvocationHelper.invokeMethod(MethodInvocationHelper.java:80)
                        	at org.testng.internal.Invoker.invokeMethod(Invoker.java:714)
                        	at org.testng.internal.Invoker.invokeTestMethod(Invoker.java:901)
                        	at org.testng.internal.Invoker.invokeTestMethods(Invoker.java:1231)
                        	at org.testng.internal.TestMethodWorker.invokeTestMethods(TestMethodWorker.java:127)
                        	at org.testng.internal.TestMethodWorker.run(TestMethodWorker.java:111)
                        	at org.testng.TestRunner.privateRun(TestRunner.java:767)
                        	at org.testng.TestRunner.run(TestRunner.java:617)
                        	at org.testng.SuiteRunner.runTest(SuiteRunner.java:334)
                        	at org.testng.SuiteRunner.runSequentially(SuiteRunner.java:329)
                        	at org.testng.SuiteRunner.privateRun(SuiteRunner.java:291)
                        	at org.testng.SuiteRunner.run(SuiteRunner.java:240)
                        	at org.testng.SuiteRunnerWorker.runSuite(SuiteRunnerWorker.java:52)
                        	at org.testng.SuiteRunnerWorker.run(SuiteRunnerWorker.java:86)
                        	at org.testng.TestNG.runSuitesSequentially(TestNG.java:1198)
                        	at org.testng.TestNG.runSuitesLocally(TestNG.java:1123)
                        	at org.testng.TestNG.run(TestNG.java:1031)
                        	at execution.Execution.execute(Execution.java:55)
                        	at execution.ExecuteSuite.main(ExecuteSuite.java:10)
                     </pre>
                  </div>
               </td>
            </tr>
            <tr id="com.test.TestProject_testProjectPut_byClass_PASS3_row"
                class="testMethodStatusPASS">
               <td width="100%" class="firstMethodCell">
                  <a onclick="toggleDetailsVisibility('com.test.TestProject_testProjectPut_byClass_PASS3_details')">testProjectPut</a>
               </td>
               <td nowrap="true">12:01:27</td>
               <td nowrap="true" align="right">102 ms
                  
               </td>
               <td nowrap="true">
                   
                  
               </td>
            </tr>
            <tr>
               <td colspan="4" class="detailsBox">
                  <div id="com.test.TestProject_testProjectPut_byClass_PASS3_details"
                       class="testMethodDetails">
                     <div>
                        <b>Name: </b>testProjectPut
                     </div>
                     <div>
                        <b>Signature: </b>testProjectPut([Ljava.lang.String;)[pri:0, instance:com.test.TestProject@56aac163]
                     </div>
                     <div>
                        <b>Parameters: </b>
                        
                        [Ljava.lang.String;@2a5c8d3f
                        
                        
                     </div>
                     <div>
                        <b>Start time: </b>12:01:27
                     </div>
                     <div>
                        <b>End time: </b>12:01:27
                     </div>
                     <div>
                        <b>Duration: </b>102 ms
                        
                     </div>
                  </div>
               </td>
            </tr>
            <tr></tr>
            <tr id="com.test.TestProject_testProjectDelete_byClass_PASS4_row"
                class="testMethodStatusPASS">
               <td width="100%" class="firstMethodCell">
                  <a onclick="toggleDetailsVisibility('com.test.TestProject_testProjectDelete_byClass_PASS4_details')">testProjectDelete</a>
               </td>
               <td nowrap="true">12:01:27</td>
               <td nowrap="true" align="right">353 ms
                  
               </td>
               <td nowrap="true">
                   
                  
               </td>
            </tr>
            <tr>
               <td colspan="4" class="detailsBox">
                  <div id="com.test.TestProject_testProjectDelete_byClass_PASS4_details"
                       class="testMethodDetails">
                     <div>
                        <b>Name: </b>testProjectDelete
                     </div>
                     <div>
                        <b>Signature: </b>testProjectDelete()[pri:0, instance:com.test.TestProject@56aac163]
                     </div>
                     <div>
                        <b>Start time: </b>12:01:27
                     </div>
                     <div>
                        <b>End time: </b>12:01:28
                     </div>
                     <div>
                        <b>Duration: </b>353 ms
                        
                     </div>
                  </div>
               </td>
            </tr>
            <tr></tr>
         </table>
         <br></br>
         <table class="testMethodsTable" cellpadding="0" cellspacing="0">
            <tr>
               <td colspan="4">
                  <h3 style="display: inline;">com.test.TestTask</h3>
               </td>
            </tr>
            <tr class="methodsTableHeader">
               <td width="100%">Name</td>
               <td nowrap="true">Started</td>
               <td nowrap="true">Duration</td>
               <td>Exception</td>
            </tr>
            <tr id="com.test.TestTask_testTaskPost_byClass_PASS1_row"
                class="testMethodStatusPASS">
               <td width="100%" class="firstMethodCell">
                  <a onclick="toggleDetailsVisibility('com.test.TestTask_testTaskPost_byClass_PASS1_details')">testTaskPost</a>
               </td>
               <td nowrap="true">12:01:28</td>
               <td nowrap="true" align="right">38 ms
                  
               </td>
               <td nowrap="true">
                   
                  
               </td>
            </tr>
            <tr>
               <td colspan="4" class="detailsBox">
                  <div id="com.test.TestTask_testTaskPost_byClass_PASS1_details"
                       class="testMethodDetails">
                     <div>
                        <b>Name: </b>testTaskPost
                     </div>
                     <div>
                        <b>Signature: </b>testTaskPost([Ljava.lang.String;)[pri:0, instance:com.test.TestTask@1f554b06]
                     </div>
                     <div>
                        <b>Parameters: </b>
                        
                        [Ljava.lang.String;@2a5c8d3f
                        
                        
                     </div>
                     <div>
                        <b>Start time: </b>12:01:28
                     </div>
                     <div>
                        <b>End time: </b>12:01:28
                     </div>
                     <div>
                        <b>Duration: </b>38 ms
                        
                     </div>
                  </div>
               </td>
            </tr>
            <tr></tr>
            <tr id="com.test.TestTask_testTaskGet_byClass_PASS2_row"
                class="testMethodStatusPASS">
               <td width="100%" class="firstMethodCell">
                  <a onclick="toggleDetailsVisibility('com.test.TestTask_testTaskGet_byClass_PASS2_details')">testTaskGet</a>
               </td>
               <td nowrap="true">12:01:28</td>
               <td nowrap="true" align="right">29 ms
                  
               </td>
               <td nowrap="true">
                   
                  
               </td>
            </tr>
            <tr>
               <td colspan="4" class="detailsBox">
                  <div id="com.test.TestTask_testTaskGet_byClass_PASS2_details"
                       class="testMethodDetails">
                     <div>
                        <b>Name: </b>testTaskGet
                     </div>
                     <div>
                        <b>Signature: </b>testTaskGet()[pri:0, instance:com.test.TestTask@1f554b06]
                     </div>
                     <div>
                        <b>Start time: </b>12:01:28
                     </div>
                     <div>
                        <b>End time: </b>12:01:28
                     </div>
                     <div>
                        <b>Duration: </b>29 ms
                        
                     </div>
                  </div>
               </td>
            </tr>
            <tr></tr>
            <tr id="com.test.TestTask_testTaskPut_byClass_PASS3_row"
                class="testMethodStatusPASS">
               <td width="100%" class="firstMethodCell">
                  <a onclick="toggleDetailsVisibility('com.test.TestTask_testTaskPut_byClass_PASS3_details')">testTaskPut</a>
               </td>
               <td nowrap="true">12:01:28</td>
               <td nowrap="true" align="right">61 ms
                  
               </td>
               <td nowrap="true">
                   
                  
               </td>
            </tr>
            <tr>
               <td colspan="4" class="detailsBox">
                  <div id="com.test.TestTask_testTaskPut_byClass_PASS3_details"
                       class="testMethodDetails">
                     <div>
                        <b>Name: </b>testTaskPut
                     </div>
                     <div>
                        <b>Signature: </b>testTaskPut([Ljava.lang.String;)[pri:0, instance:com.test.TestTask@1f554b06]
                     </div>
                     <div>
                        <b>Parameters: </b>
                        
                        [Ljava.lang.String;@2a5c8d3f
                        
                        
                     </div>
                     <div>
                        <b>Start time: </b>12:01:28
                     </div>
                     <div>
                        <b>End time: </b>12:01:28
                     </div>
                     <div>
                        <b>Duration: </b>61 ms
                        
                     </div>
                  </div>
               </td>
            </tr>
            <tr></tr>
            <tr id="com.test.TestTask_testTaskDelete_byClass_PASS4_row"
                class="testMethodStatusPASS">
               <td width="100%" class="firstMethodCell">
                  <a onclick="toggleDetailsVisibility('com.test.TestTask_testTaskDelete_byClass_PASS4_details')">testTaskDelete</a>
               </td>
               <td nowrap="true">12:01:28</td>
               <td nowrap="true" align="right">58 ms
                  
               </td>
               <td nowrap="true">
                   
                  
               </td>
            </tr>
            <tr>
               <td colspan="4" class="detailsBox">
                  <div id="com.test.TestTask_testTaskDelete_byClass_PASS4_details"
                       class="testMethodDetails">
                     <div>
                        <b>Name: </b>testTaskDelete
                     </div>
                     <div>
                        <b>Signature: </b>testTaskDelete()[pri:0, instance:com.test.TestTask@1f554b06]
                     </div>
                     <div>
                        <b>Start time: </b>12:01:28
                     </div>
                     <div>
                        <b>End time: </b>12:01:28
                     </div>
                     <div>
                        <b>Duration: </b>58 ms
                        
                     </div>
                  </div>
               </td>
            </tr>
            <tr></tr>
         </table>
         <br></br>
      </div>
   </body>
</html>