<?xml version="1.0" encoding="UTF-8"?>
<testng-results skipped="0" failed="3" total="16" passed="13">
  <reporter-output>
    <line>
      <![CDATA[Test Scenario : testProjectPost : started --]]>
    </line>
    <line>
      <![CDATA[Expected Result : Rest Project]]>
    </line>
    <line>
      <![CDATA[Actual Result : Rest Project]]>
    </line>
    <line>
      <![CDATA[Test Scenario Result : testProjectPost : SUCCESS]]>
    </line>
    <line>
      <![CDATA[Test Scenario : testProjectGet : started --]]>
    </line>
    <line>
      <![CDATA[Expected Result : DISP-000219]]>
    </line>
    <line>
      <![CDATA[Actual Result : Rest Project]]>
    </line>
    <line>
      <![CDATA[Test Scenario Result : testProjectGet : FAILED :: java.lang.AssertionError: Getting Projects details failed.... expected [DISP-000219] but found [Rest Project]]]>
    </line>
    <line>
      <![CDATA[Test Scenario : testProjectPut : started --]]>
    </line>
    <line>
      <![CDATA[Expected Result : DISP-000219]]>
    </line>
    <line>
      <![CDATA[Actual Result : DISP-000219]]>
    </line>
    <line>
      <![CDATA[Test Scenario Result : testProjectPut : SUCCESS]]>
    </line>
    <line>
      <![CDATA[Test Scenario : testProjectDelete : started --]]>
    </line>
    <line>
      <![CDATA[Expected Result : 200]]>
    </line>
    <line>
      <![CDATA[Actual Result : 200]]>
    </line>
    <line>
      <![CDATA[Test Scenario Result : testProjectDelete : SUCCESS]]>
    </line>
    <line>
      <![CDATA[Test Scenario : testAppointmentPost : started --]]>
    </line>
    <line>
      <![CDATA[Expected Result : Rest Appt]]>
    </line>
    <line>
      <![CDATA[Actual Result : Rest Appt]]>
    </line>
    <line>
      <![CDATA[Test Scenario Result : testAppointmentPost : SUCCESS]]>
    </line>
    <line>
      <![CDATA[Test Scenario : testAppointmentGet : started --]]>
    </line>
    <line>
      <![CDATA[Expected Result : Rest Appt]]>
    </line>
    <line>
      <![CDATA[Actual Result : Rest Appt]]>
    </line>
    <line>
      <![CDATA[Test Scenario Result : testAppointmentGet : SUCCESS]]>
    </line>
    <line>
      <![CDATA[Test Scenario : testAppointmentPut : started --]]>
    </line>
    <line>
      <![CDATA[Expected Result : 8009]]>
    </line>
    <line>
      <![CDATA[Actual Result : Rest Appt Updated]]>
    </line>
    <line>
      <![CDATA[Test Scenario Result : testAppointmentPut : FAILED :: java.lang.AssertionError: Updating Appointments details failed.... expected [8009] but found [Rest Appt Updated]]]>
    </line>
    <line>
      <![CDATA[Test Scenario : testAppointmentDelete : started --]]>
    </line>
    <line>
      <![CDATA[Expected Result : 200]]>
    </line>
    <line>
      <![CDATA[Actual Result : 200]]>
    </line>
    <line>
      <![CDATA[Test Scenario Result : testAppointmentDelete : SUCCESS]]>
    </line>
    <line>
      <![CDATA[Test Scenario : testTaskPost : started --]]>
    </line>
    <line>
      <![CDATA[Expected Result : Rest Task]]>
    </line>
    <line>
      <![CDATA[Actual Result : Rest Task]]>
    </line>
    <line>
      <![CDATA[Test Scenario Result : testTaskPost : SUCCESS]]>
    </line>
    <line>
      <![CDATA[Test Scenario : testTaskGet : started --]]>
    </line>
    <line>
      <![CDATA[Expected Result : Rest Task]]>
    </line>
    <line>
      <![CDATA[Actual Result : Rest Task]]>
    </line>
    <line>
      <![CDATA[Test Scenario Result : testTaskGet : SUCCESS]]>
    </line>
    <line>
      <![CDATA[Test Scenario : testTaskPut : started --]]>
    </line>
    <line>
      <![CDATA[Expected Result : Rest Task Updated]]>
    </line>
    <line>
      <![CDATA[Actual Result : Rest Task Updated]]>
    </line>
    <line>
      <![CDATA[Test Scenario Result : testTaskPut : SUCCESS]]>
    </line>
    <line>
      <![CDATA[Test Scenario : testTaskDelete : started --]]>
    </line>
    <line>
      <![CDATA[Expected Result : 200]]>
    </line>
    <line>
      <![CDATA[Actual Result : 200]]>
    </line>
    <line>
      <![CDATA[Test Scenario Result : testTaskDelete : SUCCESS]]>
    </line>
    <line>
      <![CDATA[Test Scenario : testDocumentPost : started --]]>
    </line>
    <line>
      <![CDATA[Expected Result : Test1]]>
    </line>
    <line>
      <![CDATA[Actual Result : Test1]]>
    </line>
    <line>
      <![CDATA[Test Scenario Result : testDocumentPost : SUCCESS]]>
    </line>
    <line>
      <![CDATA[Test Scenario : testDocumentGet : started --]]>
    </line>
    <line>
      <![CDATA[Expected Result : FOLDER]]>
    </line>
    <line>
      <![CDATA[Actual Result : Test1]]>
    </line>
    <line>
      <![CDATA[Test Scenario Result : testDocumentGet : FAILED :: java.lang.AssertionError: Getting Documents details failed.... expected [FOLDER] but found [Test1]]]>
    </line>
    <line>
      <![CDATA[Test Scenario : testDocumentPut : started --]]>
    </line>
    <line>
      <![CDATA[Expected Result : Test2]]>
    </line>
    <line>
      <![CDATA[Actual Result : Test2]]>
    </line>
    <line>
      <![CDATA[Test Scenario Result : testDocumentPut : SUCCESS]]>
    </line>
    <line>
      <![CDATA[Test Scenario : testDocumentDelete : started --]]>
    </line>
    <line>
      <![CDATA[Expected Result : 200]]>
    </line>
    <line>
      <![CDATA[Actual Result : 200]]>
    </line>
    <line>
      <![CDATA[Test Scenario Result : testDocumentDelete : SUCCESS]]>
    </line>
  </reporter-output>
  <suite name="Suite" duration-ms="1744" started-at="2016-09-22T06:31:27Z" finished-at="2016-09-22T06:31:28Z">
    <groups>
    </groups>
    <test name="TestSuite1" duration-ms="1744" started-at="2016-09-22T06:31:27Z" finished-at="2016-09-22T06:31:28Z">
      <class name="com.test.TestAppointment">
        <test-method status="PASS" signature="testAppointmentPost([Ljava.lang.String;)[pri:0, instance:com.test.TestAppointment@1d29cf23]" name="testAppointmentPost" duration-ms="97" started-at="2016-09-22T12:01:28Z" data-provider="TestSuite" finished-at="2016-09-22T12:01:28Z">
          <params>
            <param index="0">
              <value>
                <![CDATA[[Ljava.lang.String;@2a5c8d3f]]>
              </value>
            </param>
          </params>
          <reporter-output>
            <line>
              <![CDATA[Expected Result : Rest Appt]]>
            </line>
            <line>
              <![CDATA[Actual Result : Rest Appt]]>
            </line>
            <line>
              <![CDATA[Test Scenario Result : testAppointmentPost : SUCCESS]]>
            </line>
          </reporter-output>
        </test-method> <!-- testAppointmentPost -->
        <test-method status="PASS" signature="testAppointmentGet()[pri:0, instance:com.test.TestAppointment@1d29cf23]" name="testAppointmentGet" duration-ms="35" started-at="2016-09-22T12:01:28Z" finished-at="2016-09-22T12:01:28Z">
          <reporter-output>
            <line>
              <![CDATA[Expected Result : Rest Appt]]>
            </line>
            <line>
              <![CDATA[Actual Result : Rest Appt]]>
            </line>
            <line>
              <![CDATA[Test Scenario Result : testAppointmentGet : SUCCESS]]>
            </line>
          </reporter-output>
        </test-method> <!-- testAppointmentGet -->
        <test-method status="FAIL" signature="testAppointmentPut([Ljava.lang.String;)[pri:0, instance:com.test.TestAppointment@1d29cf23]" name="testAppointmentPut" duration-ms="71" started-at="2016-09-22T12:01:28Z" data-provider="TestSuite" finished-at="2016-09-22T12:01:28Z">
          <params>
            <param index="0">
              <value>
                <![CDATA[[Ljava.lang.String;@2a5c8d3f]]>
              </value>
            </param>
          </params>
          <exception class="java.lang.AssertionError">
            <message>
              <![CDATA[Updating Appointments details failed.... expected [8009] but found [Rest Appt Updated]]]>
            </message>
            <full-stacktrace>
              <![CDATA[java.lang.AssertionError: Updating Appointments details failed.... expected [8009] but found [Rest Appt Updated]
	at org.testng.Assert.fail(Assert.java:94)
	at org.testng.Assert.failNotEquals(Assert.java:494)
	at org.testng.Assert.assertEquals(Assert.java:123)
	at org.testng.Assert.assertEquals(Assert.java:176)
	at com.test.TestAppointment.testAppointmentPut(TestAppointment.java:134)
	at sun.reflect.NativeMethodAccessorImpl.invoke0(Native Method)
	at sun.reflect.NativeMethodAccessorImpl.invoke(NativeMethodAccessorImpl.java:62)
	at sun.reflect.DelegatingMethodAccessorImpl.invoke(DelegatingMethodAccessorImpl.java:43)
	at java.lang.reflect.Method.invoke(Method.java:498)
	at org.testng.internal.MethodInvocationHelper.invokeMethod(MethodInvocationHelper.java:80)
	at org.testng.internal.Invoker.invokeMethod(Invoker.java:714)
	at org.testng.internal.Invoker.invokeTestMethod(Invoker.java:901)
	at org.testng.internal.Invoker.invokeTestMethods(Invoker.java:1231)
	at org.testng.internal.TestMethodWorker.invokeTestMethods(TestMethodWorker.java:127)
	at org.testng.internal.TestMethodWorker.run(TestMethodWorker.java:111)
	at org.testng.TestRunner.privateRun(TestRunner.java:767)
	at org.testng.TestRunner.run(TestRunner.java:617)
	at org.testng.SuiteRunner.runTest(SuiteRunner.java:334)
	at org.testng.SuiteRunner.runSequentially(SuiteRunner.java:329)
	at org.testng.SuiteRunner.privateRun(SuiteRunner.java:291)
	at org.testng.SuiteRunner.run(SuiteRunner.java:240)
	at org.testng.SuiteRunnerWorker.runSuite(SuiteRunnerWorker.java:52)
	at org.testng.SuiteRunnerWorker.run(SuiteRunnerWorker.java:86)
	at org.testng.TestNG.runSuitesSequentially(TestNG.java:1198)
	at org.testng.TestNG.runSuitesLocally(TestNG.java:1123)
	at org.testng.TestNG.run(TestNG.java:1031)
	at execution.Execution.execute(Execution.java:55)
	at execution.ExecuteSuite.main(ExecuteSuite.java:10)
]]>
            </full-stacktrace>
          </exception> <!-- java.lang.AssertionError -->
          <reporter-output>
            <line>
              <![CDATA[Expected Result : 8009]]>
            </line>
            <line>
              <![CDATA[Actual Result : Rest Appt Updated]]>
            </line>
            <line>
              <![CDATA[Test Scenario Result : testAppointmentPut : FAILED :: java.lang.AssertionError: Updating Appointments details failed.... expected [8009] but found [Rest Appt Updated]]]>
            </line>
          </reporter-output>
        </test-method> <!-- testAppointmentPut -->
        <test-method status="PASS" signature="testAppointmentDelete()[pri:0, instance:com.test.TestAppointment@1d29cf23]" name="testAppointmentDelete" duration-ms="45" started-at="2016-09-22T12:01:28Z" finished-at="2016-09-22T12:01:28Z">
          <reporter-output>
            <line>
              <![CDATA[Expected Result : 200]]>
            </line>
            <line>
              <![CDATA[Actual Result : 200]]>
            </line>
            <line>
              <![CDATA[Test Scenario Result : testAppointmentDelete : SUCCESS]]>
            </line>
          </reporter-output>
        </test-method> <!-- testAppointmentDelete -->
      </class> <!-- com.test.TestAppointment -->
      <class name="com.test.TestProject">
        <test-method status="PASS" signature="testProjectPost([Ljava.lang.String;)[pri:0, instance:com.test.TestProject@56aac163]" name="testProjectPost" duration-ms="476" started-at="2016-09-22T12:01:27Z" data-provider="TestSuite" finished-at="2016-09-22T12:01:27Z">
          <params>
            <param index="0">
              <value>
                <![CDATA[[Ljava.lang.String;@2a5c8d3f]]>
              </value>
            </param>
          </params>
          <reporter-output>
            <line>
              <![CDATA[Expected Result : Rest Project]]>
            </line>
            <line>
              <![CDATA[Actual Result : Rest Project]]>
            </line>
            <line>
              <![CDATA[Test Scenario Result : testProjectPost : SUCCESS]]>
            </line>
          </reporter-output>
        </test-method> <!-- testProjectPost -->
        <test-method status="FAIL" signature="testProjectGet()[pri:0, instance:com.test.TestProject@56aac163]" name="testProjectGet" duration-ms="69" started-at="2016-09-22T12:01:27Z" finished-at="2016-09-22T12:01:27Z">
          <exception class="java.lang.AssertionError">
            <message>
              <![CDATA[Getting Projects details failed.... expected [DISP-000219] but found [Rest Project]]]>
            </message>
            <full-stacktrace>
              <![CDATA[java.lang.AssertionError: Getting Projects details failed.... expected [DISP-000219] but found [Rest Project]
	at org.testng.Assert.fail(Assert.java:94)
	at org.testng.Assert.failNotEquals(Assert.java:494)
	at org.testng.Assert.assertEquals(Assert.java:123)
	at org.testng.Assert.assertEquals(Assert.java:176)
	at com.test.TestProject.testProjectGet(TestProject.java:97)
	at sun.reflect.NativeMethodAccessorImpl.invoke0(Native Method)
	at sun.reflect.NativeMethodAccessorImpl.invoke(NativeMethodAccessorImpl.java:62)
	at sun.reflect.DelegatingMethodAccessorImpl.invoke(DelegatingMethodAccessorImpl.java:43)
	at java.lang.reflect.Method.invoke(Method.java:498)
	at org.testng.internal.MethodInvocationHelper.invokeMethod(MethodInvocationHelper.java:80)
	at org.testng.internal.Invoker.invokeMethod(Invoker.java:714)
	at org.testng.internal.Invoker.invokeTestMethod(Invoker.java:901)
	at org.testng.internal.Invoker.invokeTestMethods(Invoker.java:1231)
	at org.testng.internal.TestMethodWorker.invokeTestMethods(TestMethodWorker.java:127)
	at org.testng.internal.TestMethodWorker.run(TestMethodWorker.java:111)
	at org.testng.TestRunner.privateRun(TestRunner.java:767)
	at org.testng.TestRunner.run(TestRunner.java:617)
	at org.testng.SuiteRunner.runTest(SuiteRunner.java:334)
	at org.testng.SuiteRunner.runSequentially(SuiteRunner.java:329)
	at org.testng.SuiteRunner.privateRun(SuiteRunner.java:291)
	at org.testng.SuiteRunner.run(SuiteRunner.java:240)
	at org.testng.SuiteRunnerWorker.runSuite(SuiteRunnerWorker.java:52)
	at org.testng.SuiteRunnerWorker.run(SuiteRunnerWorker.java:86)
	at org.testng.TestNG.runSuitesSequentially(TestNG.java:1198)
	at org.testng.TestNG.runSuitesLocally(TestNG.java:1123)
	at org.testng.TestNG.run(TestNG.java:1031)
	at execution.Execution.execute(Execution.java:55)
	at execution.ExecuteSuite.main(ExecuteSuite.java:10)
]]>
            </full-stacktrace>
          </exception> <!-- java.lang.AssertionError -->
          <reporter-output>
            <line>
              <![CDATA[Expected Result : DISP-000219]]>
            </line>
            <line>
              <![CDATA[Actual Result : Rest Project]]>
            </line>
            <line>
              <![CDATA[Test Scenario Result : testProjectGet : FAILED :: java.lang.AssertionError: Getting Projects details failed.... expected [DISP-000219] but found [Rest Project]]]>
            </line>
          </reporter-output>
        </test-method> <!-- testProjectGet -->
        <test-method status="PASS" signature="testProjectPut([Ljava.lang.String;)[pri:0, instance:com.test.TestProject@56aac163]" name="testProjectPut" duration-ms="102" started-at="2016-09-22T12:01:27Z" data-provider="TestSuite" finished-at="2016-09-22T12:01:27Z">
          <params>
            <param index="0">
              <value>
                <![CDATA[[Ljava.lang.String;@2a5c8d3f]]>
              </value>
            </param>
          </params>
          <reporter-output>
            <line>
              <![CDATA[Expected Result : DISP-000219]]>
            </line>
            <line>
              <![CDATA[Actual Result : DISP-000219]]>
            </line>
            <line>
              <![CDATA[Test Scenario Result : testProjectPut : SUCCESS]]>
            </line>
          </reporter-output>
        </test-method> <!-- testProjectPut -->
        <test-method status="PASS" signature="testProjectDelete()[pri:0, instance:com.test.TestProject@56aac163]" name="testProjectDelete" duration-ms="353" started-at="2016-09-22T12:01:27Z" finished-at="2016-09-22T12:01:28Z">
          <reporter-output>
            <line>
              <![CDATA[Expected Result : 200]]>
            </line>
            <line>
              <![CDATA[Actual Result : 200]]>
            </line>
            <line>
              <![CDATA[Test Scenario Result : testProjectDelete : SUCCESS]]>
            </line>
          </reporter-output>
        </test-method> <!-- testProjectDelete -->
      </class> <!-- com.test.TestProject -->
      <class name="com.test.TestTask">
        <test-method status="PASS" signature="testTaskPost([Ljava.lang.String;)[pri:0, instance:com.test.TestTask@1f554b06]" name="testTaskPost" duration-ms="38" started-at="2016-09-22T12:01:28Z" data-provider="TestSuite" finished-at="2016-09-22T12:01:28Z">
          <params>
            <param index="0">
              <value>
                <![CDATA[[Ljava.lang.String;@2a5c8d3f]]>
              </value>
            </param>
          </params>
          <reporter-output>
            <line>
              <![CDATA[Expected Result : Rest Task]]>
            </line>
            <line>
              <![CDATA[Actual Result : Rest Task]]>
            </line>
            <line>
              <![CDATA[Test Scenario Result : testTaskPost : SUCCESS]]>
            </line>
          </reporter-output>
        </test-method> <!-- testTaskPost -->
        <test-method status="PASS" signature="testTaskGet()[pri:0, instance:com.test.TestTask@1f554b06]" name="testTaskGet" duration-ms="29" started-at="2016-09-22T12:01:28Z" finished-at="2016-09-22T12:01:28Z">
          <reporter-output>
            <line>
              <![CDATA[Expected Result : Rest Task]]>
            </line>
            <line>
              <![CDATA[Actual Result : Rest Task]]>
            </line>
            <line>
              <![CDATA[Test Scenario Result : testTaskGet : SUCCESS]]>
            </line>
          </reporter-output>
        </test-method> <!-- testTaskGet -->
        <test-method status="PASS" signature="testTaskPut([Ljava.lang.String;)[pri:0, instance:com.test.TestTask@1f554b06]" name="testTaskPut" duration-ms="61" started-at="2016-09-22T12:01:28Z" data-provider="TestSuite" finished-at="2016-09-22T12:01:28Z">
          <params>
            <param index="0">
              <value>
                <![CDATA[[Ljava.lang.String;@2a5c8d3f]]>
              </value>
            </param>
          </params>
          <reporter-output>
            <line>
              <![CDATA[Expected Result : Rest Task Updated]]>
            </line>
            <line>
              <![CDATA[Actual Result : Rest Task Updated]]>
            </line>
            <line>
              <![CDATA[Test Scenario Result : testTaskPut : SUCCESS]]>
            </line>
          </reporter-output>
        </test-method> <!-- testTaskPut -->
        <test-method status="PASS" signature="testTaskDelete()[pri:0, instance:com.test.TestTask@1f554b06]" name="testTaskDelete" duration-ms="58" started-at="2016-09-22T12:01:28Z" finished-at="2016-09-22T12:01:28Z">
          <reporter-output>
            <line>
              <![CDATA[Expected Result : 200]]>
            </line>
            <line>
              <![CDATA[Actual Result : 200]]>
            </line>
            <line>
              <![CDATA[Test Scenario Result : testTaskDelete : SUCCESS]]>
            </line>
          </reporter-output>
        </test-method> <!-- testTaskDelete -->
      </class> <!-- com.test.TestTask -->
      <class name="com.test.TestDocument">
        <test-method status="PASS" signature="testDocumentPost([Ljava.lang.String;)[pri:0, instance:com.test.TestDocument@27a5f880]" name="testDocumentPost" duration-ms="51" started-at="2016-09-22T12:01:28Z" data-provider="TestSuite" finished-at="2016-09-22T12:01:28Z">
          <params>
            <param index="0">
              <value>
                <![CDATA[[Ljava.lang.String;@2a5c8d3f]]>
              </value>
            </param>
          </params>
          <reporter-output>
            <line>
              <![CDATA[Expected Result : Test1]]>
            </line>
            <line>
              <![CDATA[Actual Result : Test1]]>
            </line>
            <line>
              <![CDATA[Test Scenario Result : testDocumentPost : SUCCESS]]>
            </line>
          </reporter-output>
        </test-method> <!-- testDocumentPost -->
        <test-method status="FAIL" signature="testDocumentGet()[pri:0, instance:com.test.TestDocument@27a5f880]" name="testDocumentGet" duration-ms="22" started-at="2016-09-22T12:01:28Z" finished-at="2016-09-22T12:01:28Z">
          <exception class="java.lang.AssertionError">
            <message>
              <![CDATA[Getting Documents details failed.... expected [FOLDER] but found [Test1]]]>
            </message>
            <full-stacktrace>
              <![CDATA[java.lang.AssertionError: Getting Documents details failed.... expected [FOLDER] but found [Test1]
	at org.testng.Assert.fail(Assert.java:94)
	at org.testng.Assert.failNotEquals(Assert.java:494)
	at org.testng.Assert.assertEquals(Assert.java:123)
	at org.testng.Assert.assertEquals(Assert.java:176)
	at com.test.TestDocument.testDocumentGet(TestDocument.java:88)
	at sun.reflect.NativeMethodAccessorImpl.invoke0(Native Method)
	at sun.reflect.NativeMethodAccessorImpl.invoke(NativeMethodAccessorImpl.java:62)
	at sun.reflect.DelegatingMethodAccessorImpl.invoke(DelegatingMethodAccessorImpl.java:43)
	at java.lang.reflect.Method.invoke(Method.java:498)
	at org.testng.internal.MethodInvocationHelper.invokeMethod(MethodInvocationHelper.java:80)
	at org.testng.internal.Invoker.invokeMethod(Invoker.java:714)
	at org.testng.internal.Invoker.invokeTestMethod(Invoker.java:901)
	at org.testng.internal.Invoker.invokeTestMethods(Invoker.java:1231)
	at org.testng.internal.TestMethodWorker.invokeTestMethods(TestMethodWorker.java:127)
	at org.testng.internal.TestMethodWorker.run(TestMethodWorker.java:111)
	at org.testng.TestRunner.privateRun(TestRunner.java:767)
	at org.testng.TestRunner.run(TestRunner.java:617)
	at org.testng.SuiteRunner.runTest(SuiteRunner.java:334)
	at org.testng.SuiteRunner.runSequentially(SuiteRunner.java:329)
	at org.testng.SuiteRunner.privateRun(SuiteRunner.java:291)
	at org.testng.SuiteRunner.run(SuiteRunner.java:240)
	at org.testng.SuiteRunnerWorker.runSuite(SuiteRunnerWorker.java:52)
	at org.testng.SuiteRunnerWorker.run(SuiteRunnerWorker.java:86)
	at org.testng.TestNG.runSuitesSequentially(TestNG.java:1198)
	at org.testng.TestNG.runSuitesLocally(TestNG.java:1123)
	at org.testng.TestNG.run(TestNG.java:1031)
	at execution.Execution.execute(Execution.java:55)
	at execution.ExecuteSuite.main(ExecuteSuite.java:10)
]]>
            </full-stacktrace>
          </exception> <!-- java.lang.AssertionError -->
          <reporter-output>
            <line>
              <![CDATA[Expected Result : FOLDER]]>
            </line>
            <line>
              <![CDATA[Actual Result : Test1]]>
            </line>
            <line>
              <![CDATA[Test Scenario Result : testDocumentGet : FAILED :: java.lang.AssertionError: Getting Documents details failed.... expected [FOLDER] but found [Test1]]]>
            </line>
          </reporter-output>
        </test-method> <!-- testDocumentGet -->
        <test-method status="PASS" signature="testDocumentPut([Ljava.lang.String;)[pri:0, instance:com.test.TestDocument@27a5f880]" name="testDocumentPut" duration-ms="70" started-at="2016-09-22T12:01:28Z" data-provider="TestSuite" finished-at="2016-09-22T12:01:28Z">
          <params>
            <param index="0">
              <value>
                <![CDATA[[Ljava.lang.String;@2a5c8d3f]]>
              </value>
            </param>
          </params>
          <reporter-output>
            <line>
              <![CDATA[Expected Result : Test2]]>
            </line>
            <line>
              <![CDATA[Actual Result : Test2]]>
            </line>
            <line>
              <![CDATA[Test Scenario Result : testDocumentPut : SUCCESS]]>
            </line>
          </reporter-output>
        </test-method> <!-- testDocumentPut -->
        <test-method status="PASS" signature="testDocumentDelete()[pri:0, instance:com.test.TestDocument@27a5f880]" name="testDocumentDelete" duration-ms="142" started-at="2016-09-22T12:01:28Z" finished-at="2016-09-22T12:01:28Z">
          <reporter-output>
            <line>
              <![CDATA[Expected Result : 200]]>
            </line>
            <line>
              <![CDATA[Actual Result : 200]]>
            </line>
            <line>
              <![CDATA[Test Scenario Result : testDocumentDelete : SUCCESS]]>
            </line>
          </reporter-output>
        </test-method> <!-- testDocumentDelete -->
      </class> <!-- com.test.TestDocument -->
    </test> <!-- TestSuite1 -->
  </suite> <!-- Suite -->
</testng-results>
