<?xml version="1.0" encoding="UTF-8"?>
<testng-results skipped="0" failed="3" total="5" passed="2">
  <reporter-output>
  </reporter-output>
  <suite name="Default suite" duration-ms="1823" started-at="2016-08-18T07:23:04Z" finished-at="2016-08-18T07:23:06Z">
    <groups>
    </groups>
    <test name="Default test" duration-ms="1823" started-at="2016-08-18T07:23:04Z" finished-at="2016-08-18T07:23:06Z">
      <class name="com.restWebService.TestProjects">
        <test-method status="PASS" signature="springTestContextBeforeTestClass()[pri:0, instance:com.restWebService.TestProjects@10a22be9]" name="springTestContextBeforeTestClass" is-config="true" duration-ms="16" started-at="2016-08-18T12:53:04Z" finished-at="2016-08-18T12:53:04Z">
          <reporter-output>
          </reporter-output>
        </test-method> <!-- springTestContextBeforeTestClass -->
        <test-method status="PASS" signature="springTestContextPrepareTestInstance()[pri:0, instance:com.restWebService.TestProjects@10a22be9]" name="springTestContextPrepareTestInstance" is-config="true" duration-ms="420" started-at="2016-08-18T12:53:04Z" depends-on-methods="org.springframework.test.context.testng.AbstractTestNGSpringContextTests.springTestContextBeforeTestClass" finished-at="2016-08-18T12:53:04Z">
          <reporter-output>
          </reporter-output>
        </test-method> <!-- springTestContextPrepareTestInstance -->
        <test-method status="PASS" signature="springTestContextBeforeTestMethod(java.lang.reflect.Method)[pri:0, instance:com.restWebService.TestProjects@10a22be9]" name="springTestContextBeforeTestMethod" is-config="true" duration-ms="4" started-at="2016-08-18T12:53:04Z" finished-at="2016-08-18T12:53:04Z">
          <params>
            <param index="0">
              <value>
                <![CDATA[public void com.restWebService.TestProjects.execute()]]>
              </value>
            </param>
          </params>
          <reporter-output>
          </reporter-output>
        </test-method> <!-- springTestContextBeforeTestMethod -->
        <test-method status="PASS" signature="execute()[pri:0, instance:com.restWebService.TestProjects@10a22be9]" name="execute" duration-ms="337" started-at="2016-08-18T12:53:04Z" finished-at="2016-08-18T12:53:05Z">
          <reporter-output>
          </reporter-output>
        </test-method> <!-- execute -->
        <test-method status="PASS" signature="springTestContextAfterTestMethod(java.lang.reflect.Method)[pri:0, instance:com.restWebService.TestProjects@10a22be9]" name="springTestContextAfterTestMethod" is-config="true" duration-ms="11" started-at="2016-08-18T12:53:05Z" finished-at="2016-08-18T12:53:05Z">
          <params>
            <param index="0">
              <value>
                <![CDATA[public void com.restWebService.TestProjects.execute()]]>
              </value>
            </param>
          </params>
          <reporter-output>
          </reporter-output>
        </test-method> <!-- springTestContextAfterTestMethod -->
        <test-method status="PASS" signature="springTestContextBeforeTestMethod(java.lang.reflect.Method)[pri:0, instance:com.restWebService.TestProjects@10a22be9]" name="springTestContextBeforeTestMethod" is-config="true" duration-ms="1" started-at="2016-08-18T12:53:05Z" finished-at="2016-08-18T12:53:05Z">
          <params>
            <param index="0">
              <value>
                <![CDATA[public void com.restWebService.TestProjects.generateReport()]]>
              </value>
            </param>
          </params>
          <reporter-output>
          </reporter-output>
        </test-method> <!-- springTestContextBeforeTestMethod -->
        <test-method status="PASS" signature="generateReport()[pri:0, instance:com.restWebService.TestProjects@10a22be9]" name="generateReport" duration-ms="979" started-at="2016-08-18T12:53:05Z" finished-at="2016-08-18T12:53:06Z">
          <reporter-output>
          </reporter-output>
        </test-method> <!-- generateReport -->
        <test-method status="PASS" signature="springTestContextAfterTestMethod(java.lang.reflect.Method)[pri:0, instance:com.restWebService.TestProjects@10a22be9]" name="springTestContextAfterTestMethod" is-config="true" duration-ms="2" started-at="2016-08-18T12:53:06Z" finished-at="2016-08-18T12:53:06Z">
          <params>
            <param index="0">
              <value>
                <![CDATA[public void com.restWebService.TestProjects.generateReport()]]>
              </value>
            </param>
          </params>
          <reporter-output>
          </reporter-output>
        </test-method> <!-- springTestContextAfterTestMethod -->
        <test-method status="FAIL" signature="testProjectPost(java.lang.String, java.lang.String, java.lang.String)[pri:0, instance:com.restWebService.TestProjects@10a22be9]" name="testProjectPost" duration-ms="0" started-at="2016-08-18T12:53:06Z" finished-at="2016-08-18T12:53:06Z">
          <exception class="org.testng.TestNGException">
            <message>
              <![CDATA[
Parameter 'entityType' is required by @Test on method testProjectPost but has not been marked @Optional or defined
in C:\Users\asingla\AppData\Local\Temp\testng-eclipse--1011092990\testng-customsuite.xml]]>
            </message>
            <full-stacktrace>
              <![CDATA[org.testng.TestNGException: 
Parameter 'entityType' is required by @Test on method testProjectPost but has not been marked @Optional or defined
in C:\Users\asingla\AppData\Local\Temp\testng-eclipse--1011092990\testng-customsuite.xml
	at org.testng.internal.Parameters.createParameters(Parameters.java:155)
	at org.testng.internal.Parameters.createParameters(Parameters.java:355)
	at org.testng.internal.Parameters.handleParameters(Parameters.java:447)
	at org.testng.internal.Invoker.handleParameters(Invoker.java:1383)
	at org.testng.internal.Invoker.createParameters(Invoker.java:1075)
	at org.testng.internal.Invoker.invokeTestMethods(Invoker.java:1180)
	at org.testng.internal.TestMethodWorker.invokeTestMethods(TestMethodWorker.java:127)
	at org.testng.internal.TestMethodWorker.run(TestMethodWorker.java:111)
	at org.testng.TestRunner.privateRun(TestRunner.java:767)
	at org.testng.TestRunner.run(TestRunner.java:617)
	at org.testng.SuiteRunner.runTest(SuiteRunner.java:334)
	at org.testng.SuiteRunner.runSequentially(SuiteRunner.java:329)
	at org.testng.SuiteRunner.privateRun(SuiteRunner.java:291)
	at org.testng.SuiteRunner.run(SuiteRunner.java:240)
	at org.testng.SuiteRunnerWorker.runSuite(SuiteRunnerWorker.java:52)
	at org.testng.SuiteRunnerWorker.run(SuiteRunnerWorker.java:86)
	at org.testng.TestNG.runSuitesSequentially(TestNG.java:1198)
	at org.testng.TestNG.runSuitesLocally(TestNG.java:1123)
	at org.testng.TestNG.run(TestNG.java:1031)
	at org.testng.remote.AbstractRemoteTestNG.run(AbstractRemoteTestNG.java:126)
	at org.testng.remote.RemoteTestNG.initAndRun(RemoteTestNG.java:152)
	at org.testng.remote.RemoteTestNG.main(RemoteTestNG.java:57)
]]>
            </full-stacktrace>
          </exception> <!-- org.testng.TestNGException -->
          <reporter-output>
          </reporter-output>
        </test-method> <!-- testProjectPost -->
        <test-method status="FAIL" signature="testProjectGet(java.lang.String)[pri:0, instance:com.restWebService.TestProjects@10a22be9]" name="testProjectGet" duration-ms="0" started-at="2016-08-18T12:53:06Z" finished-at="2016-08-18T12:53:06Z">
          <exception class="org.testng.TestNGException">
            <message>
              <![CDATA[
Parameter 'id' is required by @Test on method testProjectGet but has not been marked @Optional or defined
in C:\Users\asingla\AppData\Local\Temp\testng-eclipse--1011092990\testng-customsuite.xml]]>
            </message>
            <full-stacktrace>
              <![CDATA[org.testng.TestNGException: 
Parameter 'id' is required by @Test on method testProjectGet but has not been marked @Optional or defined
in C:\Users\asingla\AppData\Local\Temp\testng-eclipse--1011092990\testng-customsuite.xml
	at org.testng.internal.Parameters.createParameters(Parameters.java:155)
	at org.testng.internal.Parameters.createParameters(Parameters.java:355)
	at org.testng.internal.Parameters.handleParameters(Parameters.java:447)
	at org.testng.internal.Invoker.handleParameters(Invoker.java:1383)
	at org.testng.internal.Invoker.createParameters(Invoker.java:1075)
	at org.testng.internal.Invoker.invokeTestMethods(Invoker.java:1180)
	at org.testng.internal.TestMethodWorker.invokeTestMethods(TestMethodWorker.java:127)
	at org.testng.internal.TestMethodWorker.run(TestMethodWorker.java:111)
	at org.testng.TestRunner.privateRun(TestRunner.java:767)
	at org.testng.TestRunner.run(TestRunner.java:617)
	at org.testng.SuiteRunner.runTest(SuiteRunner.java:334)
	at org.testng.SuiteRunner.runSequentially(SuiteRunner.java:329)
	at org.testng.SuiteRunner.privateRun(SuiteRunner.java:291)
	at org.testng.SuiteRunner.run(SuiteRunner.java:240)
	at org.testng.SuiteRunnerWorker.runSuite(SuiteRunnerWorker.java:52)
	at org.testng.SuiteRunnerWorker.run(SuiteRunnerWorker.java:86)
	at org.testng.TestNG.runSuitesSequentially(TestNG.java:1198)
	at org.testng.TestNG.runSuitesLocally(TestNG.java:1123)
	at org.testng.TestNG.run(TestNG.java:1031)
	at org.testng.remote.AbstractRemoteTestNG.run(AbstractRemoteTestNG.java:126)
	at org.testng.remote.RemoteTestNG.initAndRun(RemoteTestNG.java:152)
	at org.testng.remote.RemoteTestNG.main(RemoteTestNG.java:57)
]]>
            </full-stacktrace>
          </exception> <!-- org.testng.TestNGException -->
          <reporter-output>
          </reporter-output>
        </test-method> <!-- testProjectGet -->
        <test-method status="FAIL" signature="testProjectDelete(java.lang.String, java.lang.String)[pri:0, instance:com.restWebService.TestProjects@10a22be9]" name="testProjectDelete" duration-ms="0" started-at="2016-08-18T12:53:06Z" finished-at="2016-08-18T12:53:06Z">
          <exception class="org.testng.TestNGException">
            <message>
              <![CDATA[
Parameter 'deleteId' is required by @Test on method testProjectDelete but has not been marked @Optional or defined
in C:\Users\asingla\AppData\Local\Temp\testng-eclipse--1011092990\testng-customsuite.xml]]>
            </message>
            <full-stacktrace>
              <![CDATA[org.testng.TestNGException: 
Parameter 'deleteId' is required by @Test on method testProjectDelete but has not been marked @Optional or defined
in C:\Users\asingla\AppData\Local\Temp\testng-eclipse--1011092990\testng-customsuite.xml
	at org.testng.internal.Parameters.createParameters(Parameters.java:155)
	at org.testng.internal.Parameters.createParameters(Parameters.java:355)
	at org.testng.internal.Parameters.handleParameters(Parameters.java:447)
	at org.testng.internal.Invoker.handleParameters(Invoker.java:1383)
	at org.testng.internal.Invoker.createParameters(Invoker.java:1075)
	at org.testng.internal.Invoker.invokeTestMethods(Invoker.java:1180)
	at org.testng.internal.TestMethodWorker.invokeTestMethods(TestMethodWorker.java:127)
	at org.testng.internal.TestMethodWorker.run(TestMethodWorker.java:111)
	at org.testng.TestRunner.privateRun(TestRunner.java:767)
	at org.testng.TestRunner.run(TestRunner.java:617)
	at org.testng.SuiteRunner.runTest(SuiteRunner.java:334)
	at org.testng.SuiteRunner.runSequentially(SuiteRunner.java:329)
	at org.testng.SuiteRunner.privateRun(SuiteRunner.java:291)
	at org.testng.SuiteRunner.run(SuiteRunner.java:240)
	at org.testng.SuiteRunnerWorker.runSuite(SuiteRunnerWorker.java:52)
	at org.testng.SuiteRunnerWorker.run(SuiteRunnerWorker.java:86)
	at org.testng.TestNG.runSuitesSequentially(TestNG.java:1198)
	at org.testng.TestNG.runSuitesLocally(TestNG.java:1123)
	at org.testng.TestNG.run(TestNG.java:1031)
	at org.testng.remote.AbstractRemoteTestNG.run(AbstractRemoteTestNG.java:126)
	at org.testng.remote.RemoteTestNG.initAndRun(RemoteTestNG.java:152)
	at org.testng.remote.RemoteTestNG.main(RemoteTestNG.java:57)
]]>
            </full-stacktrace>
          </exception> <!-- org.testng.TestNGException -->
          <reporter-output>
          </reporter-output>
        </test-method> <!-- testProjectDelete -->
        <test-method status="PASS" signature="springTestContextAfterTestClass()[pri:0, instance:com.restWebService.TestProjects@10a22be9]" name="springTestContextAfterTestClass" is-config="true" duration-ms="1" started-at="2016-08-18T12:53:06Z" finished-at="2016-08-18T12:53:06Z">
          <reporter-output>
          </reporter-output>
        </test-method> <!-- springTestContextAfterTestClass -->
      </class> <!-- com.restWebService.TestProjects -->
    </test> <!-- Default test -->
  </suite> <!-- Default suite -->
</testng-results>
