<?xml version="1.0" encoding="UTF-8"?>
<testsuite name="TestSuite1"
           tests="4"
           failures="1"
           errors="0"
           skipped="0"
           time="0.248">
  <properties />
            <testcase name="testAppointmentPut" time="0.071" classname="com.test.TestAppointment">
                <failure type="java.lang.AssertionError"
                  message="Updating Appointments details failed.... expected [8009] but found [Rest Appt Updated]"
              >
<![CDATA[java.lang.AssertionError: Updating Appointments details failed.... expected [8009] but found [Rest Appt Updated]
  org.testng.Assert.fail(Assert.java:94)
  org.testng.Assert.failNotEquals(Assert.java:494)
  org.testng.Assert.assertEquals(Assert.java:123)
  org.testng.Assert.assertEquals(Assert.java:176)
  com.test.TestAppointment.testAppointmentPut(TestAppointment.java:134)
  sun.reflect.NativeMethodAccessorImpl.invoke0(Native Method)
  sun.reflect.NativeMethodAccessorImpl.invoke(NativeMethodAccessorImpl.java:62)
  sun.reflect.DelegatingMethodAccessorImpl.invoke(DelegatingMethodAccessorImpl.java:43)
  java.lang.reflect.Method.invoke(Method.java:498)
  org.testng.internal.MethodInvocationHelper.invokeMethod(MethodInvocationHelper.java:80)
  org.testng.internal.Invoker.invokeMethod(Invoker.java:714)
  org.testng.internal.Invoker.invokeTestMethod(Invoker.java:901)
  org.testng.internal.Invoker.invokeTestMethods(Invoker.java:1231)
  org.testng.internal.TestMethodWorker.invokeTestMethods(TestMethodWorker.java:127)
  org.testng.internal.TestMethodWorker.run(TestMethodWorker.java:111)
  org.testng.TestRunner.privateRun(TestRunner.java:767)
  org.testng.TestRunner.run(TestRunner.java:617)
  org.testng.SuiteRunner.runTest(SuiteRunner.java:334)
  org.testng.SuiteRunner.runSequentially(SuiteRunner.java:329)
  org.testng.SuiteRunner.privateRun(SuiteRunner.java:291)
  org.testng.SuiteRunner.run(SuiteRunner.java:240)
  org.testng.SuiteRunnerWorker.runSuite(SuiteRunnerWorker.java:52)
  org.testng.SuiteRunnerWorker.run(SuiteRunnerWorker.java:86)
  org.testng.TestNG.runSuitesSequentially(TestNG.java:1198)
  org.testng.TestNG.runSuitesLocally(TestNG.java:1123)
  org.testng.TestNG.run(TestNG.java:1031)
  execution.Execution.execute(Execution.java:55)
  execution.ExecuteSuite.main(ExecuteSuite.java:10)
]]>
      </failure>

          </testcase>
  
  
            <testcase name="testAppointmentDelete" time="0.045" classname="com.test.TestAppointment" />
                <testcase name="testAppointmentPost" time="0.097" classname="com.test.TestAppointment" />
                <testcase name="testAppointmentGet" time="0.035" classname="com.test.TestAppointment" />
      
</testsuite>
