<?xml version="1.0" encoding="UTF-8"?>
<testsuite name="TestSuite1"
           tests="4"
           failures="1"
           errors="0"
           skipped="0"
           time="0.285">
  <properties />
            <testcase name="testDocumentGet" time="0.022" classname="com.test.TestDocument">
                <failure type="java.lang.AssertionError"
                  message="Getting Documents details failed.... expected [FOLDER] but found [Test1]"
              >
<![CDATA[java.lang.AssertionError: Getting Documents details failed.... expected [FOLDER] but found [Test1]
  org.testng.Assert.fail(Assert.java:94)
  org.testng.Assert.failNotEquals(Assert.java:494)
  org.testng.Assert.assertEquals(Assert.java:123)
  org.testng.Assert.assertEquals(Assert.java:176)
  com.test.TestDocument.testDocumentGet(TestDocument.java:88)
  sun.reflect.NativeMethodAccessorImpl.invoke0(Native Method)
  sun.reflect.NativeMethodAccessorImpl.invoke(NativeMethodAccessorImpl.java:62)
  sun.reflect.DelegatingMethodAccessorImpl.invoke(DelegatingMethodAccessorImpl.java:43)
  java.lang.reflect.Method.invoke(Method.java:498)
  org.testng.internal.MethodInvocationHelper.invokeMethod(MethodInvocationHelper.java:80)
  org.testng.internal.Invoker.invokeMethod(Invoker.java:714)
  org.testng.internal.Invoker.invokeTestMethod(Invoker.java:901)
  org.testng.internal.Invoker.invokeTestMethods(Invoker.java:1231)
  org.testng.internal.TestMethodWorker.invokeTestMethods(TestMethodWorker.java:127)
  org.testng.internal.TestMethodWorker.run(TestMethodWorker.java:111)
  org.testng.TestRunner.privateRun(TestRunner.java:767)
  org.testng.TestRunner.run(TestRunner.java:617)
  org.testng.SuiteRunner.runTest(SuiteRunner.java:334)
  org.testng.SuiteRunner.runSequentially(SuiteRunner.java:329)
  org.testng.SuiteRunner.privateRun(SuiteRunner.java:291)
  org.testng.SuiteRunner.run(SuiteRunner.java:240)
  org.testng.SuiteRunnerWorker.runSuite(SuiteRunnerWorker.java:52)
  org.testng.SuiteRunnerWorker.run(SuiteRunnerWorker.java:86)
  org.testng.TestNG.runSuitesSequentially(TestNG.java:1198)
  org.testng.TestNG.runSuitesLocally(TestNG.java:1123)
  org.testng.TestNG.run(TestNG.java:1031)
  execution.Execution.execute(Execution.java:55)
  execution.ExecuteSuite.main(ExecuteSuite.java:10)
]]>
      </failure>

          </testcase>
  
  
            <testcase name="testDocumentPut" time="0.070" classname="com.test.TestDocument" />
                <testcase name="testDocumentPost" time="0.051" classname="com.test.TestDocument" />
                <testcase name="testDocumentDelete" time="0.142" classname="com.test.TestDocument" />
      
</testsuite>
